#
# A fatal error has been detected by the Java Runtime Environment:
#
#  Internal Error (generateOopMap.cpp:2162), pid=14983, tid=15011
#  fatal error: Illegal class file encountered. Try running with -Xverify:all in method parseChild
#
# JRE version: OpenJDK Runtime Environment (10.0.2+13) (build 10.0.2+13-Ubuntu-1ubuntu0.18.04.4)
# Java VM: OpenJDK 64-Bit Server VM (10.0.2+13-Ubuntu-1ubuntu0.18.04.4, mixed mode, tiered, compressed oops, g1 gc, linux-amd64)
# Core dump will be written. Default location: Core dumps may be processed with "/usr/share/apport/apport %p %s %c %d %P" (or dumping to /home/admin-u1064462/git/repository/SQLParse/core.14983)
#
# If you would like to submit a bug report, please visit:
#   http://bugreport.java.com/bugreport/crash.jsp
#

---------------  S U M M A R Y ------------

Command Line: -agentlib:jdwp=transport=dt_socket,suspend=y,address=localhost:41151 -javaagent:/home/admin-u1064462/eclipse/java-oxygen/eclipse/configuration/org.eclipse.osgi/684/0/.cp/lib/javaagent-shaded.jar -Dfile.encoding=UTF-8 cn.edu.fjut.ast.MySQLParse

Host: Intel(R) Core(TM) i7-4790 CPU @ 3.60GHz, 8 cores, 15G, Ubuntu 18.04.2 LTS
Time: Mon Feb 25 20:01:53 2019 AEDT elapsed time: 130 seconds (0d 0h 2m 10s)

---------------  T H R E A D  ---------------

Current thread (0x00007fc3d01fe000):  VMThread "VM Thread" [stack: 0x00007fc3b4009000,0x00007fc3b4109000] [id=15011]

Stack: [0x00007fc3b4009000,0x00007fc3b4109000],  sp=0x00007fc3b4106e70,  free space=1015k
Native frames: (J=compiled Java code, A=aot compiled Java code, j=interpreted, Vv=VM code, C=native code)
V  [libjvm.so+0xd27ea4]
V  [libjvm.so+0xd28a0f]
V  [libjvm.so+0x64d328]
V  [libjvm.so+0x7a72e5]
V  [libjvm.so+0x7a73bb]
V  [libjvm.so+0x7a8204]
V  [libjvm.so+0x7aa456]
V  [libjvm.so+0x7abf44]
V  [libjvm.so+0x7aea0d]
V  [libjvm.so+0x7aedb9]
V  [libjvm.so+0xb1f14a]
V  [libjvm.so+0xb1f7d1]
V  [libjvm.so+0xabde16]
V  [libjvm.so+0x95085c]
V  [libjvm.so+0xd38871]
V  [libjvm.so+0xd35b3b]
V  [libjvm.so+0xd3715e]
V  [libjvm.so+0xd37588]
V  [libjvm.so+0xb33d40]

VM_Operation (0x00007fc34f14c9d0): GetOrSetLocal, mode: safepoint, requested by thread 0x00007fc3d02ca000


---------------  P R O C E S S  ---------------

Threads class SMR info:
_java_thread_list=0x00007fc3d04b3390, length=14, elements={
0x00007fc3d0012000, 0x00007fc3d0208000, 0x00007fc3d020a000, 0x00007fc3d0213800,
0x00007fc3d021d800, 0x00007fc3d021f800, 0x00007fc3d0221800, 0x00007fc3d0223800,
0x00007fc3d0225800, 0x00007fc3d02ca000, 0x00007fc3d02cd000, 0x00007fc334001800,
0x00007fc3d02e4000, 0x00007fc3d04ab800
}

Java Threads: ( => current thread )
  0x00007fc3d0012000 JavaThread "main" [_thread_blocked, id=14990, stack(0x00007fc3da734000,0x00007fc3da835000)]
  0x00007fc3d0208000 JavaThread "Reference Handler" daemon [_thread_blocked, id=15012, stack(0x00007fc3940af000,0x00007fc3941b0000)]
  0x00007fc3d020a000 JavaThread "Finalizer" daemon [_thread_blocked, id=15013, stack(0x00007fc38c0af000,0x00007fc38c1b0000)]
  0x00007fc3d0213800 JavaThread "Signal Dispatcher" daemon [_thread_blocked, id=15014, stack(0x00007fc34fa6b000,0x00007fc34fb6c000)]
  0x00007fc3d021d800 JavaThread "C2 CompilerThread0" daemon [_thread_blocked, id=15015, stack(0x00007fc34f96a000,0x00007fc34fa6b000)]
  0x00007fc3d021f800 JavaThread "C2 CompilerThread1" daemon [_thread_blocked, id=15016, stack(0x00007fc34f869000,0x00007fc34f96a000)]
  0x00007fc3d0221800 JavaThread "C2 CompilerThread2" daemon [_thread_blocked, id=15017, stack(0x00007fc34f768000,0x00007fc34f869000)]
  0x00007fc3d0223800 JavaThread "C1 CompilerThread3" daemon [_thread_blocked, id=15018, stack(0x00007fc34f667000,0x00007fc34f768000)]
  0x00007fc3d0225800 JavaThread "Sweeper thread" daemon [_thread_blocked, id=15019, stack(0x00007fc34f566000,0x00007fc34f667000)]
  0x00007fc3d02ca000 JavaThread "JDWP Transport Listener: dt_socket" daemon [_thread_blocked, id=15022, stack(0x00007fc34f04d000,0x00007fc34f14e000)] _threads_hazard_ptr=0x00007fc3d04b3390
  0x00007fc3d02cd000 JavaThread "JDWP Event Helper Thread" daemon [_thread_blocked, id=15024, stack(0x00007fc34ef4c000,0x00007fc34f04d000)]
  0x00007fc334001800 JavaThread "JDWP Command Reader" daemon [_thread_in_native, id=15026, stack(0x00007fc34ee4b000,0x00007fc34ef4c000)]
  0x00007fc3d02e4000 JavaThread "Common-Cleaner" daemon [_thread_blocked, id=15028, stack(0x00007fc34ed4a000,0x00007fc34ee4b000)]
  0x00007fc3d04ab800 JavaThread "Service Thread" daemon [_thread_blocked, id=15030, stack(0x00007fc34e81f000,0x00007fc34e920000)]

Other Threads:
=>0x00007fc3d01fe000 VMThread "VM Thread" [stack: 0x00007fc3b4009000,0x00007fc3b4109000] [id=15011]
  0x00007fc3d04b1000 WatcherThread [stack: 0x00007fc34e71f000,0x00007fc34e81f000] [id=15031]
  0x00007fc3d0028800 GCTaskThread "GC Thread#0" [stack: 0x00007fc3d6a61000,0x00007fc3d6b61000] [id=14991]
  0x00007fc3d002a000 GCTaskThread "GC Thread#1" [stack: 0x00007fc3d695f000,0x00007fc3d6a5f000] [id=14992]
  0x00007fc3d002c000 GCTaskThread "GC Thread#2" [stack: 0x00007fc3d685d000,0x00007fc3d695d000] [id=14993]
  0x00007fc3d002d800 GCTaskThread "GC Thread#3" [stack: 0x00007fc3d675b000,0x00007fc3d685b000] [id=14994]
  0x00007fc3d002f800 GCTaskThread "GC Thread#4" [stack: 0x00007fc3d6659000,0x00007fc3d6759000] [id=14995]
  0x00007fc3d0031000 GCTaskThread "GC Thread#5" [stack: 0x00007fc3d6557000,0x00007fc3d6657000] [id=14996]
  0x00007fc3d0032800 GCTaskThread "GC Thread#6" [stack: 0x00007fc3d6455000,0x00007fc3d6555000] [id=14997]
  0x00007fc3d0034800 GCTaskThread "GC Thread#7" [stack: 0x00007fc3d6353000,0x00007fc3d6453000] [id=14998]
  0x00007fc3d0083000 ConcurrentGCThread "G1 Main Marker" [stack: 0x00007fc3d41f1000,0x00007fc3d42f1000] [id=14999]
  0x00007fc3d0084800 ConcurrentGCThread "G1 Conc#0" [stack: 0x00007fc3d40ef000,0x00007fc3d41ef000] [id=15000]
  0x00007fc3d0086800 ConcurrentGCThread "G1 Conc#1" [stack: 0x00007fc3b7a25000,0x00007fc3b7b25000] [id=15001]
  0x00007fc3d0166000 ConcurrentGCThread "G1 Refine#0" [stack: 0x00007fc3b511b000,0x00007fc3b521b000] [id=15002]
  0x00007fc3d0167800 ConcurrentGCThread "G1 Refine#1" [stack: 0x00007fc3b5019000,0x00007fc3b5119000] [id=15003]
  0x00007fc3d0169000 ConcurrentGCThread "G1 Refine#2" [stack: 0x00007fc3b4f17000,0x00007fc3b5017000] [id=15004]
  0x00007fc3d016b000 ConcurrentGCThread "G1 Refine#3" [stack: 0x00007fc3b4e15000,0x00007fc3b4f15000] [id=15005]
  0x00007fc3d016c800 ConcurrentGCThread "G1 Refine#4" [stack: 0x00007fc3b4d13000,0x00007fc3b4e13000] [id=15006]
  0x00007fc3d016e800 ConcurrentGCThread "G1 Refine#5" [stack: 0x00007fc3b4c11000,0x00007fc3b4d11000] [id=15007]
  0x00007fc3d0170000 ConcurrentGCThread "G1 Refine#6" [stack: 0x00007fc3b4b0f000,0x00007fc3b4c0f000] [id=15008]
  0x00007fc3d0172000 ConcurrentGCThread "G1 Refine#7" [stack: 0x00007fc3b4a0d000,0x00007fc3b4b0d000] [id=15009]
  0x00007fc3d0173800 ConcurrentGCThread "G1 Young RemSet Sampling" [stack: 0x00007fc3b490b000,0x00007fc3b4a0b000] [id=15010]

Threads with active compile tasks:

VM state:at safepoint (normal execution)

VM Mutex/Monitor currently owned by a thread:  ([mutex/lock_event])
[0x00007fc3d00101b0] Threads_lock - owner thread: 0x00007fc3d01fe000

Heap address: 0x00000006c6c00000, size: 3988 MB, Compressed Oops mode: Zero based, Oop shift amount: 3
Narrow klass base: 0x0000000000000000, Narrow klass shift: 3
Compressed class space size: 1073741824 Address: 0x00000007c0000000

Heap:
 garbage-first heap   total 256000K, used 47388K [0x00000006c6c00000, 0x00000007c0000000)
  region size 1024K, 48 young (49152K), 3 survivors (3072K)
 Metaspace       used 17581K, capacity 17856K, committed 18048K, reserved 1064960K
  class space    used 1705K, capacity 1825K, committed 1920K, reserved 1048576K
Heap Regions: E=young(eden), S=young(survivor), O=old, HS=humongous(starts), HC=humongous(continues), CS=collection set, F=free, A=archive, TS=gc time stamp, AC=allocation context, TAMS=top-at-mark-start (previous, next)
|   0|0x00000006c6c00000, 0x00000006c6c00000, 0x00000006c6d00000|  0%| F|  |TS  0|AC  0|TAMS 0x00000006c6c00000, 0x00000006c6c00000|
|   1|0x00000006c6d00000, 0x00000006c6d00000, 0x00000006c6e00000|  0%| F|  |TS  0|AC  0|TAMS 0x00000006c6d00000, 0x00000006c6d00000|
|   2|0x00000006c6e00000, 0x00000006c6e00000, 0x00000006c6f00000|  0%| F|  |TS  0|AC  0|TAMS 0x00000006c6e00000, 0x00000006c6e00000|
|   3|0x00000006c6f00000, 0x00000006c6f00000, 0x00000006c7000000|  0%| F|  |TS  0|AC  0|TAMS 0x00000006c6f00000, 0x00000006c6f00000|
|   4|0x00000006c7000000, 0x00000006c7000000, 0x00000006c7100000|  0%| F|  |TS  0|AC  0|TAMS 0x00000006c7000000, 0x00000006c7000000|
|   5|0x00000006c7100000, 0x00000006c7100000, 0x00000006c7200000|  0%| F|  |TS  0|AC  0|TAMS 0x00000006c7100000, 0x00000006c7100000|
|   6|0x00000006c7200000, 0x00000006c7200000, 0x00000006c7300000|  0%| F|  |TS  0|AC  0|TAMS 0x00000006c7200000, 0x00000006c7200000|
|   7|0x00000006c7300000, 0x00000006c7300000, 0x00000006c7400000|  0%| F|  |TS  0|AC  0|TAMS 0x00000006c7300000, 0x00000006c7300000|
|   8|0x00000006c7400000, 0x00000006c7400000, 0x00000006c7500000|  0%| F|  |TS  0|AC  0|TAMS 0x00000006c7400000, 0x00000006c7400000|
|   9|0x00000006c7500000, 0x00000006c7500000, 0x00000006c7600000|  0%| F|  |TS  0|AC  0|TAMS 0x00000006c7500000, 0x00000006c7500000|
|  10|0x00000006c7600000, 0x00000006c7600000, 0x00000006c7700000|  0%| F|  |TS  0|AC  0|TAMS 0x00000006c7600000, 0x00000006c7600000|
|  11|0x00000006c7700000, 0x00000006c7700000, 0x00000006c7800000|  0%| F|  |TS  0|AC  0|TAMS 0x00000006c7700000, 0x00000006c7700000|
|  12|0x00000006c7800000, 0x00000006c7800000, 0x00000006c7900000|  0%| F|  |TS  0|AC  0|TAMS 0x00000006c7800000, 0x00000006c7800000|
|  13|0x00000006c7900000, 0x00000006c7900000, 0x00000006c7a00000|  0%| F|  |TS  0|AC  0|TAMS 0x00000006c7900000, 0x00000006c7900000|
|  14|0x00000006c7a00000, 0x00000006c7a00000, 0x00000006c7b00000|  0%| F|  |TS  0|AC  0|TAMS 0x00000006c7a00000, 0x00000006c7a00000|
|  15|0x00000006c7b00000, 0x00000006c7b00000, 0x00000006c7c00000|  0%| F|  |TS  0|AC  0|TAMS 0x00000006c7b00000, 0x00000006c7b00000|
|  16|0x00000006c7c00000, 0x00000006c7c00000, 0x00000006c7d00000|  0%| F|  |TS  0|AC  0|TAMS 0x00000006c7c00000, 0x00000006c7c00000|
|  17|0x00000006c7d00000, 0x00000006c7d00000, 0x00000006c7e00000|  0%| F|  |TS  0|AC  0|TAMS 0x00000006c7d00000, 0x00000006c7d00000|
|  18|0x00000006c7e00000, 0x00000006c7e00000, 0x00000006c7f00000|  0%| F|  |TS  0|AC  0|TAMS 0x00000006c7e00000, 0x00000006c7e00000|
|  19|0x00000006c7f00000, 0x00000006c7f00000, 0x00000006c8000000|  0%| F|  |TS  0|AC  0|TAMS 0x00000006c7f00000, 0x00000006c7f00000|
|  20|0x00000006c8000000, 0x00000006c8000000, 0x00000006c8100000|  0%| F|  |TS  0|AC  0|TAMS 0x00000006c8000000, 0x00000006c8000000|
|  21|0x00000006c8100000, 0x00000006c8100000, 0x00000006c8200000|  0%| F|  |TS  0|AC  0|TAMS 0x00000006c8100000, 0x00000006c8100000|
|  22|0x00000006c8200000, 0x00000006c8200000, 0x00000006c8300000|  0%| F|  |TS  0|AC  0|TAMS 0x00000006c8200000, 0x00000006c8200000|
|  23|0x00000006c8300000, 0x00000006c8300000, 0x00000006c8400000|  0%| F|  |TS  0|AC  0|TAMS 0x00000006c8300000, 0x00000006c8300000|
|  24|0x00000006c8400000, 0x00000006c8400000, 0x00000006c8500000|  0%| F|  |TS  0|AC  0|TAMS 0x00000006c8400000, 0x00000006c8400000|
|  25|0x00000006c8500000, 0x00000006c8500000, 0x00000006c8600000|  0%| F|  |TS  0|AC  0|TAMS 0x00000006c8500000, 0x00000006c8500000|
|  26|0x00000006c8600000, 0x00000006c8600000, 0x00000006c8700000|  0%| F|  |TS  0|AC  0|TAMS 0x00000006c8600000, 0x00000006c8600000|
|  27|0x00000006c8700000, 0x00000006c8700000, 0x00000006c8800000|  0%| F|  |TS  0|AC  0|TAMS 0x00000006c8700000, 0x00000006c8700000|
|  28|0x00000006c8800000, 0x00000006c8800000, 0x00000006c8900000|  0%| F|  |TS  0|AC  0|TAMS 0x00000006c8800000, 0x00000006c8800000|
|  29|0x00000006c8900000, 0x00000006c8900000, 0x00000006c8a00000|  0%| F|  |TS  0|AC  0|TAMS 0x00000006c8900000, 0x00000006c8900000|
|  30|0x00000006c8a00000, 0x00000006c8a00000, 0x00000006c8b00000|  0%| F|  |TS  0|AC  0|TAMS 0x00000006c8a00000, 0x00000006c8a00000|
|  31|0x00000006c8b00000, 0x00000006c8b00000, 0x00000006c8c00000|  0%| F|  |TS  0|AC  0|TAMS 0x00000006c8b00000, 0x00000006c8b00000|
|  32|0x00000006c8c00000, 0x00000006c8c00000, 0x00000006c8d00000|  0%| F|  |TS  0|AC  0|TAMS 0x00000006c8c00000, 0x00000006c8c00000|
|  33|0x00000006c8d00000, 0x00000006c8d00000, 0x00000006c8e00000|  0%| F|  |TS  0|AC  0|TAMS 0x00000006c8d00000, 0x00000006c8d00000|
|  34|0x00000006c8e00000, 0x00000006c8e00000, 0x00000006c8f00000|  0%| F|  |TS  0|AC  0|TAMS 0x00000006c8e00000, 0x00000006c8e00000|
|  35|0x00000006c8f00000, 0x00000006c8f00000, 0x00000006c9000000|  0%| F|  |TS  0|AC  0|TAMS 0x00000006c8f00000, 0x00000006c8f00000|
|  36|0x00000006c9000000, 0x00000006c9000000, 0x00000006c9100000|  0%| F|  |TS  0|AC  0|TAMS 0x00000006c9000000, 0x00000006c9000000|
|  37|0x00000006c9100000, 0x00000006c9100000, 0x00000006c9200000|  0%| F|  |TS  0|AC  0|TAMS 0x00000006c9100000, 0x00000006c9100000|
|  38|0x00000006c9200000, 0x00000006c9200000, 0x00000006c9300000|  0%| F|  |TS  0|AC  0|TAMS 0x00000006c9200000, 0x00000006c9200000|
|  39|0x00000006c9300000, 0x00000006c9300000, 0x00000006c9400000|  0%| F|  |TS  0|AC  0|TAMS 0x00000006c9300000, 0x00000006c9300000|
|  40|0x00000006c9400000, 0x00000006c9400000, 0x00000006c9500000|  0%| F|  |TS  0|AC  0|TAMS 0x00000006c9400000, 0x00000006c9400000|
|  41|0x00000006c9500000, 0x00000006c9500000, 0x00000006c9600000|  0%| F|  |TS  0|AC  0|TAMS 0x00000006c9500000, 0x00000006c9500000|
|  42|0x00000006c9600000, 0x00000006c9600000, 0x00000006c9700000|  0%| F|  |TS  0|AC  0|TAMS 0x00000006c9600000, 0x00000006c9600000|
|  43|0x00000006c9700000, 0x00000006c9700000, 0x00000006c9800000|  0%| F|  |TS  0|AC  0|TAMS 0x00000006c9700000, 0x00000006c9700000|
|  44|0x00000006c9800000, 0x00000006c9800000, 0x00000006c9900000|  0%| F|  |TS  0|AC  0|TAMS 0x00000006c9800000, 0x00000006c9800000|
|  45|0x00000006c9900000, 0x00000006c9900000, 0x00000006c9a00000|  0%| F|  |TS  0|AC  0|TAMS 0x00000006c9900000, 0x00000006c9900000|
|  46|0x00000006c9a00000, 0x00000006c9a00000, 0x00000006c9b00000|  0%| F|  |TS  0|AC  0|TAMS 0x00000006c9a00000, 0x00000006c9a00000|
|  47|0x00000006c9b00000, 0x00000006c9b00000, 0x00000006c9c00000|  0%| F|  |TS  0|AC  0|TAMS 0x00000006c9b00000, 0x00000006c9b00000|
|  48|0x00000006c9c00000, 0x00000006c9c00000, 0x00000006c9d00000|  0%| F|  |TS  0|AC  0|TAMS 0x00000006c9c00000, 0x00000006c9c00000|
|  49|0x00000006c9d00000, 0x00000006c9d00000, 0x00000006c9e00000|  0%| F|  |TS  0|AC  0|TAMS 0x00000006c9d00000, 0x00000006c9d00000|
|  50|0x00000006c9e00000, 0x00000006c9e00000, 0x00000006c9f00000|  0%| F|  |TS  0|AC  0|TAMS 0x00000006c9e00000, 0x00000006c9e00000|
|  51|0x00000006c9f00000, 0x00000006c9f00000, 0x00000006ca000000|  0%| F|  |TS  0|AC  0|TAMS 0x00000006c9f00000, 0x00000006c9f00000|
|  52|0x00000006ca000000, 0x00000006ca000000, 0x00000006ca100000|  0%| F|  |TS  0|AC  0|TAMS 0x00000006ca000000, 0x00000006ca000000|
|  53|0x00000006ca100000, 0x00000006ca100000, 0x00000006ca200000|  0%| F|  |TS  0|AC  0|TAMS 0x00000006ca100000, 0x00000006ca100000|
|  54|0x00000006ca200000, 0x00000006ca200000, 0x00000006ca300000|  0%| F|  |TS  0|AC  0|TAMS 0x00000006ca200000, 0x00000006ca200000|
|  55|0x00000006ca300000, 0x00000006ca300000, 0x00000006ca400000|  0%| F|  |TS  0|AC  0|TAMS 0x00000006ca300000, 0x00000006ca300000|
|  56|0x00000006ca400000, 0x00000006ca400000, 0x00000006ca500000|  0%| F|  |TS  0|AC  0|TAMS 0x00000006ca400000, 0x00000006ca400000|
|  57|0x00000006ca500000, 0x00000006ca500000, 0x00000006ca600000|  0%| F|  |TS  0|AC  0|TAMS 0x00000006ca500000, 0x00000006ca500000|
|  58|0x00000006ca600000, 0x00000006ca600000, 0x00000006ca700000|  0%| F|  |TS  0|AC  0|TAMS 0x00000006ca600000, 0x00000006ca600000|
|  59|0x00000006ca700000, 0x00000006ca700000, 0x00000006ca800000|  0%| F|  |TS  0|AC  0|TAMS 0x00000006ca700000, 0x00000006ca700000|
|  60|0x00000006ca800000, 0x00000006ca800000, 0x00000006ca900000|  0%| F|  |TS  0|AC  0|TAMS 0x00000006ca800000, 0x00000006ca800000|
|  61|0x00000006ca900000, 0x00000006ca900000, 0x00000006caa00000|  0%| F|  |TS  0|AC  0|TAMS 0x00000006ca900000, 0x00000006ca900000|
|  62|0x00000006caa00000, 0x00000006caa00000, 0x00000006cab00000|  0%| F|  |TS  0|AC  0|TAMS 0x00000006caa00000, 0x00000006caa00000|
|  63|0x00000006cab00000, 0x00000006cab00000, 0x00000006cac00000|  0%| F|  |TS  0|AC  0|TAMS 0x00000006cab00000, 0x00000006cab00000|
|  64|0x00000006cac00000, 0x00000006cac00000, 0x00000006cad00000|  0%| F|  |TS  0|AC  0|TAMS 0x00000006cac00000, 0x00000006cac00000|
|  65|0x00000006cad00000, 0x00000006cad00000, 0x00000006cae00000|  0%| F|  |TS  0|AC  0|TAMS 0x00000006cad00000, 0x00000006cad00000|
|  66|0x00000006cae00000, 0x00000006cae00000, 0x00000006caf00000|  0%| F|  |TS  0|AC  0|TAMS 0x00000006cae00000, 0x00000006cae00000|
|  67|0x00000006caf00000, 0x00000006caf00000, 0x00000006cb000000|  0%| F|  |TS  0|AC  0|TAMS 0x00000006caf00000, 0x00000006caf00000|
|  68|0x00000006cb000000, 0x00000006cb000000, 0x00000006cb100000|  0%| F|  |TS  0|AC  0|TAMS 0x00000006cb000000, 0x00000006cb000000|
|  69|0x00000006cb100000, 0x00000006cb100000, 0x00000006cb200000|  0%| F|  |TS  0|AC  0|TAMS 0x00000006cb100000, 0x00000006cb100000|
|  70|0x00000006cb200000, 0x00000006cb200000, 0x00000006cb300000|  0%| F|  |TS  0|AC  0|TAMS 0x00000006cb200000, 0x00000006cb200000|
|  71|0x00000006cb300000, 0x00000006cb300000, 0x00000006cb400000|  0%| F|  |TS  0|AC  0|TAMS 0x00000006cb300000, 0x00000006cb300000|
|  72|0x00000006cb400000, 0x00000006cb400000, 0x00000006cb500000|  0%| F|  |TS  0|AC  0|TAMS 0x00000006cb400000, 0x00000006cb400000|
|  73|0x00000006cb500000, 0x00000006cb500000, 0x00000006cb600000|  0%| F|  |TS  0|AC  0|TAMS 0x00000006cb500000, 0x00000006cb500000|
|  74|0x00000006cb600000, 0x00000006cb600000, 0x00000006cb700000|  0%| F|  |TS  0|AC  0|TAMS 0x00000006cb600000, 0x00000006cb600000|
|  75|0x00000006cb700000, 0x00000006cb700000, 0x00000006cb800000|  0%| F|  |TS  0|AC  0|TAMS 0x00000006cb700000, 0x00000006cb700000|
|  76|0x00000006cb800000, 0x00000006cb800000, 0x00000006cb900000|  0%| F|  |TS  0|AC  0|TAMS 0x00000006cb800000, 0x00000006cb800000|
|  77|0x00000006cb900000, 0x00000006cb900000, 0x00000006cba00000|  0%| F|  |TS  0|AC  0|TAMS 0x00000006cb900000, 0x00000006cb900000|
|  78|0x00000006cba00000, 0x00000006cba00000, 0x00000006cbb00000|  0%| F|  |TS  0|AC  0|TAMS 0x00000006cba00000, 0x00000006cba00000|
|  79|0x00000006cbb00000, 0x00000006cbb00000, 0x00000006cbc00000|  0%| F|  |TS  0|AC  0|TAMS 0x00000006cbb00000, 0x00000006cbb00000|
|  80|0x00000006cbc00000, 0x00000006cbc00000, 0x00000006cbd00000|  0%| F|  |TS  0|AC  0|TAMS 0x00000006cbc00000, 0x00000006cbc00000|
|  81|0x00000006cbd00000, 0x00000006cbd00000, 0x00000006cbe00000|  0%| F|  |TS  0|AC  0|TAMS 0x00000006cbd00000, 0x00000006cbd00000|
|  82|0x00000006cbe00000, 0x00000006cbe00000, 0x00000006cbf00000|  0%| F|  |TS  0|AC  0|TAMS 0x00000006cbe00000, 0x00000006cbe00000|
|  83|0x00000006cbf00000, 0x00000006cbf00000, 0x00000006cc000000|  0%| F|  |TS  0|AC  0|TAMS 0x00000006cbf00000, 0x00000006cbf00000|
|  84|0x00000006cc000000, 0x00000006cc000000, 0x00000006cc100000|  0%| F|  |TS  0|AC  0|TAMS 0x00000006cc000000, 0x00000006cc000000|
|  85|0x00000006cc100000, 0x00000006cc100000, 0x00000006cc200000|  0%| F|  |TS  0|AC  0|TAMS 0x00000006cc100000, 0x00000006cc100000|
|  86|0x00000006cc200000, 0x00000006cc200000, 0x00000006cc300000|  0%| F|  |TS  0|AC  0|TAMS 0x00000006cc200000, 0x00000006cc200000|
|  87|0x00000006cc300000, 0x00000006cc300000, 0x00000006cc400000|  0%| F|  |TS  0|AC  0|TAMS 0x00000006cc300000, 0x00000006cc300000|
|  88|0x00000006cc400000, 0x00000006cc400000, 0x00000006cc500000|  0%| F|  |TS  0|AC  0|TAMS 0x00000006cc400000, 0x00000006cc400000|
|  89|0x00000006cc500000, 0x00000006cc500000, 0x00000006cc600000|  0%| F|  |TS  0|AC  0|TAMS 0x00000006cc500000, 0x00000006cc500000|
|  90|0x00000006cc600000, 0x00000006cc600000, 0x00000006cc700000|  0%| F|  |TS  0|AC  0|TAMS 0x00000006cc600000, 0x00000006cc600000|
|  91|0x00000006cc700000, 0x00000006cc700000, 0x00000006cc800000|  0%| F|  |TS  0|AC  0|TAMS 0x00000006cc700000, 0x00000006cc700000|
|  92|0x00000006cc800000, 0x00000006cc800000, 0x00000006cc900000|  0%| F|  |TS  0|AC  0|TAMS 0x00000006cc800000, 0x00000006cc800000|
|  93|0x00000006cc900000, 0x00000006cc900000, 0x00000006cca00000|  0%| F|  |TS  0|AC  0|TAMS 0x00000006cc900000, 0x00000006cc900000|
|  94|0x00000006cca00000, 0x00000006cca00000, 0x00000006ccb00000|  0%| F|  |TS  0|AC  0|TAMS 0x00000006cca00000, 0x00000006cca00000|
|  95|0x00000006ccb00000, 0x00000006ccb00000, 0x00000006ccc00000|  0%| F|  |TS  0|AC  0|TAMS 0x00000006ccb00000, 0x00000006ccb00000|
|  96|0x00000006ccc00000, 0x00000006ccc00000, 0x00000006ccd00000|  0%| F|  |TS  0|AC  0|TAMS 0x00000006ccc00000, 0x00000006ccc00000|
|  97|0x00000006ccd00000, 0x00000006ccd00000, 0x00000006cce00000|  0%| F|  |TS  0|AC  0|TAMS 0x00000006ccd00000, 0x00000006ccd00000|
|  98|0x00000006cce00000, 0x00000006cce00000, 0x00000006ccf00000|  0%| F|  |TS  0|AC  0|TAMS 0x00000006cce00000, 0x00000006cce00000|
|  99|0x00000006ccf00000, 0x00000006ccf00000, 0x00000006cd000000|  0%| F|  |TS  0|AC  0|TAMS 0x00000006ccf00000, 0x00000006ccf00000|
| 100|0x00000006cd000000, 0x00000006cd000000, 0x00000006cd100000|  0%| F|  |TS  0|AC  0|TAMS 0x00000006cd000000, 0x00000006cd000000|
| 101|0x00000006cd100000, 0x00000006cd100000, 0x00000006cd200000|  0%| F|  |TS  0|AC  0|TAMS 0x00000006cd100000, 0x00000006cd100000|
| 102|0x00000006cd200000, 0x00000006cd200000, 0x00000006cd300000|  0%| F|  |TS  0|AC  0|TAMS 0x00000006cd200000, 0x00000006cd200000|
| 103|0x00000006cd300000, 0x00000006cd300000, 0x00000006cd400000|  0%| F|  |TS  0|AC  0|TAMS 0x00000006cd300000, 0x00000006cd300000|
| 104|0x00000006cd400000, 0x00000006cd400000, 0x00000006cd500000|  0%| F|  |TS  0|AC  0|TAMS 0x00000006cd400000, 0x00000006cd400000|
| 105|0x00000006cd500000, 0x00000006cd500000, 0x00000006cd600000|  0%| F|  |TS  0|AC  0|TAMS 0x00000006cd500000, 0x00000006cd500000|
| 106|0x00000006cd600000, 0x00000006cd600000, 0x00000006cd700000|  0%| F|  |TS  0|AC  0|TAMS 0x00000006cd600000, 0x00000006cd600000|
| 107|0x00000006cd700000, 0x00000006cd700000, 0x00000006cd800000|  0%| F|  |TS  0|AC  0|TAMS 0x00000006cd700000, 0x00000006cd700000|
| 108|0x00000006cd800000, 0x00000006cd800000, 0x00000006cd900000|  0%| F|  |TS  0|AC  0|TAMS 0x00000006cd800000, 0x00000006cd800000|
| 109|0x00000006cd900000, 0x00000006cd900000, 0x00000006cda00000|  0%| F|  |TS  0|AC  0|TAMS 0x00000006cd900000, 0x00000006cd900000|
| 110|0x00000006cda00000, 0x00000006cda00000, 0x00000006cdb00000|  0%| F|  |TS  0|AC  0|TAMS 0x00000006cda00000, 0x00000006cda00000|
| 111|0x00000006cdb00000, 0x00000006cdb00000, 0x00000006cdc00000|  0%| F|  |TS  0|AC  0|TAMS 0x00000006cdb00000, 0x00000006cdb00000|
| 112|0x00000006cdc00000, 0x00000006cdc00000, 0x00000006cdd00000|  0%| F|  |TS  0|AC  0|TAMS 0x00000006cdc00000, 0x00000006cdc00000|
| 113|0x00000006cdd00000, 0x00000006cdd00000, 0x00000006cde00000|  0%| F|  |TS  0|AC  0|TAMS 0x00000006cdd00000, 0x00000006cdd00000|
| 114|0x00000006cde00000, 0x00000006cde00000, 0x00000006cdf00000|  0%| F|  |TS  0|AC  0|TAMS 0x00000006cde00000, 0x00000006cde00000|
| 115|0x00000006cdf00000, 0x00000006cdf00000, 0x00000006ce000000|  0%| F|  |TS  0|AC  0|TAMS 0x00000006cdf00000, 0x00000006cdf00000|
| 116|0x00000006ce000000, 0x00000006ce000000, 0x00000006ce100000|  0%| F|  |TS  0|AC  0|TAMS 0x00000006ce000000, 0x00000006ce000000|
| 117|0x00000006ce100000, 0x00000006ce100000, 0x00000006ce200000|  0%| F|  |TS  0|AC  0|TAMS 0x00000006ce100000, 0x00000006ce100000|
| 118|0x00000006ce200000, 0x00000006ce200000, 0x00000006ce300000|  0%| F|  |TS  0|AC  0|TAMS 0x00000006ce200000, 0x00000006ce200000|
| 119|0x00000006ce300000, 0x00000006ce300000, 0x00000006ce400000|  0%| F|  |TS  0|AC  0|TAMS 0x00000006ce300000, 0x00000006ce300000|
| 120|0x00000006ce400000, 0x00000006ce400000, 0x00000006ce500000|  0%| F|  |TS  0|AC  0|TAMS 0x00000006ce400000, 0x00000006ce400000|
| 121|0x00000006ce500000, 0x00000006ce500000, 0x00000006ce600000|  0%| F|  |TS  0|AC  0|TAMS 0x00000006ce500000, 0x00000006ce500000|
| 122|0x00000006ce600000, 0x00000006ce600000, 0x00000006ce700000|  0%| F|  |TS  0|AC  0|TAMS 0x00000006ce600000, 0x00000006ce600000|
| 123|0x00000006ce700000, 0x00000006ce700000, 0x00000006ce800000|  0%| F|  |TS  0|AC  0|TAMS 0x00000006ce700000, 0x00000006ce700000|
| 124|0x00000006ce800000, 0x00000006ce800000, 0x00000006ce900000|  0%| F|  |TS  0|AC  0|TAMS 0x00000006ce800000, 0x00000006ce800000|
| 125|0x00000006ce900000, 0x00000006ce900000, 0x00000006cea00000|  0%| F|  |TS  0|AC  0|TAMS 0x00000006ce900000, 0x00000006ce900000|
| 126|0x00000006cea00000, 0x00000006cea00000, 0x00000006ceb00000|  0%| F|  |TS  0|AC  0|TAMS 0x00000006cea00000, 0x00000006cea00000|
| 127|0x00000006ceb00000, 0x00000006ceb00000, 0x00000006cec00000|  0%| F|  |TS  0|AC  0|TAMS 0x00000006ceb00000, 0x00000006ceb00000|
| 128|0x00000006cec00000, 0x00000006cec00000, 0x00000006ced00000|  0%| F|  |TS  0|AC  0|TAMS 0x00000006cec00000, 0x00000006cec00000|
| 129|0x00000006ced00000, 0x00000006ced00000, 0x00000006cee00000|  0%| F|  |TS  0|AC  0|TAMS 0x00000006ced00000, 0x00000006ced00000|
| 130|0x00000006cee00000, 0x00000006cee00000, 0x00000006cef00000|  0%| F|  |TS  0|AC  0|TAMS 0x00000006cee00000, 0x00000006cee00000|
| 131|0x00000006cef00000, 0x00000006cef00000, 0x00000006cf000000|  0%| F|  |TS  0|AC  0|TAMS 0x00000006cef00000, 0x00000006cef00000|
| 132|0x00000006cf000000, 0x00000006cf000000, 0x00000006cf100000|  0%| F|  |TS  0|AC  0|TAMS 0x00000006cf000000, 0x00000006cf000000|
| 133|0x00000006cf100000, 0x00000006cf100000, 0x00000006cf200000|  0%| F|  |TS  0|AC  0|TAMS 0x00000006cf100000, 0x00000006cf100000|
| 134|0x00000006cf200000, 0x00000006cf200000, 0x00000006cf300000|  0%| F|  |TS  0|AC  0|TAMS 0x00000006cf200000, 0x00000006cf200000|
| 135|0x00000006cf300000, 0x00000006cf300000, 0x00000006cf400000|  0%| F|  |TS  0|AC  0|TAMS 0x00000006cf300000, 0x00000006cf300000|
| 136|0x00000006cf400000, 0x00000006cf400000, 0x00000006cf500000|  0%| F|  |TS  0|AC  0|TAMS 0x00000006cf400000, 0x00000006cf400000|
| 137|0x00000006cf500000, 0x00000006cf500000, 0x00000006cf600000|  0%| F|  |TS  0|AC  0|TAMS 0x00000006cf500000, 0x00000006cf500000|
| 138|0x00000006cf600000, 0x00000006cf600000, 0x00000006cf700000|  0%| F|  |TS  0|AC  0|TAMS 0x00000006cf600000, 0x00000006cf600000|
| 139|0x00000006cf700000, 0x00000006cf700000, 0x00000006cf800000|  0%| F|  |TS  0|AC  0|TAMS 0x00000006cf700000, 0x00000006cf700000|
| 140|0x00000006cf800000, 0x00000006cf800000, 0x00000006cf900000|  0%| F|  |TS  0|AC  0|TAMS 0x00000006cf800000, 0x00000006cf800000|
| 141|0x00000006cf900000, 0x00000006cf900000, 0x00000006cfa00000|  0%| F|  |TS  0|AC  0|TAMS 0x00000006cf900000, 0x00000006cf900000|
| 142|0x00000006cfa00000, 0x00000006cfa00000, 0x00000006cfb00000|  0%| F|  |TS  0|AC  0|TAMS 0x00000006cfa00000, 0x00000006cfa00000|
| 143|0x00000006cfb00000, 0x00000006cfb00000, 0x00000006cfc00000|  0%| F|  |TS  0|AC  0|TAMS 0x00000006cfb00000, 0x00000006cfb00000|
| 144|0x00000006cfc00000, 0x00000006cfc00000, 0x00000006cfd00000|  0%| F|  |TS  0|AC  0|TAMS 0x00000006cfc00000, 0x00000006cfc00000|
| 145|0x00000006cfd00000, 0x00000006cfd00000, 0x00000006cfe00000|  0%| F|  |TS  0|AC  0|TAMS 0x00000006cfd00000, 0x00000006cfd00000|
| 146|0x00000006cfe00000, 0x00000006cfe00000, 0x00000006cff00000|  0%| F|  |TS  0|AC  0|TAMS 0x00000006cfe00000, 0x00000006cfe00000|
| 147|0x00000006cff00000, 0x00000006cff00000, 0x00000006d0000000|  0%| F|  |TS  0|AC  0|TAMS 0x00000006cff00000, 0x00000006cff00000|
| 148|0x00000006d0000000, 0x00000006d0000000, 0x00000006d0100000|  0%| F|  |TS  0|AC  0|TAMS 0x00000006d0000000, 0x00000006d0000000|
| 149|0x00000006d0100000, 0x00000006d0100000, 0x00000006d0200000|  0%| F|  |TS  0|AC  0|TAMS 0x00000006d0100000, 0x00000006d0100000|
| 150|0x00000006d0200000, 0x00000006d0200000, 0x00000006d0300000|  0%| F|  |TS  0|AC  0|TAMS 0x00000006d0200000, 0x00000006d0200000|
| 151|0x00000006d0300000, 0x00000006d0300000, 0x00000006d0400000|  0%| F|  |TS  0|AC  0|TAMS 0x00000006d0300000, 0x00000006d0300000|
| 152|0x00000006d0400000, 0x00000006d0400000, 0x00000006d0500000|  0%| F|  |TS  0|AC  0|TAMS 0x00000006d0400000, 0x00000006d0400000|
| 153|0x00000006d0500000, 0x00000006d0500000, 0x00000006d0600000|  0%| F|  |TS  0|AC  0|TAMS 0x00000006d0500000, 0x00000006d0500000|
| 154|0x00000006d0600000, 0x00000006d0600000, 0x00000006d0700000|  0%| F|  |TS  0|AC  0|TAMS 0x00000006d0600000, 0x00000006d0600000|
| 155|0x00000006d0700000, 0x00000006d0700000, 0x00000006d0800000|  0%| F|  |TS  0|AC  0|TAMS 0x00000006d0700000, 0x00000006d0700000|
| 156|0x00000006d0800000, 0x00000006d0800000, 0x00000006d0900000|  0%| F|  |TS  0|AC  0|TAMS 0x00000006d0800000, 0x00000006d0800000|
| 157|0x00000006d0900000, 0x00000006d0900000, 0x00000006d0a00000|  0%| F|  |TS  0|AC  0|TAMS 0x00000006d0900000, 0x00000006d0900000|
| 158|0x00000006d0a00000, 0x00000006d0a00000, 0x00000006d0b00000|  0%| F|  |TS  0|AC  0|TAMS 0x00000006d0a00000, 0x00000006d0a00000|
| 159|0x00000006d0b00000, 0x00000006d0b00000, 0x00000006d0c00000|  0%| F|  |TS  0|AC  0|TAMS 0x00000006d0b00000, 0x00000006d0b00000|
| 160|0x00000006d0c00000, 0x00000006d0c00000, 0x00000006d0d00000|  0%| F|  |TS  0|AC  0|TAMS 0x00000006d0c00000, 0x00000006d0c00000|
| 161|0x00000006d0d00000, 0x00000006d0d00000, 0x00000006d0e00000|  0%| F|  |TS  0|AC  0|TAMS 0x00000006d0d00000, 0x00000006d0d00000|
| 162|0x00000006d0e00000, 0x00000006d0e00000, 0x00000006d0f00000|  0%| F|  |TS  0|AC  0|TAMS 0x00000006d0e00000, 0x00000006d0e00000|
| 163|0x00000006d0f00000, 0x00000006d0f00000, 0x00000006d1000000|  0%| F|  |TS  0|AC  0|TAMS 0x00000006d0f00000, 0x00000006d0f00000|
| 164|0x00000006d1000000, 0x00000006d1000000, 0x00000006d1100000|  0%| F|  |TS  0|AC  0|TAMS 0x00000006d1000000, 0x00000006d1000000|
| 165|0x00000006d1100000, 0x00000006d1100000, 0x00000006d1200000|  0%| F|  |TS  0|AC  0|TAMS 0x00000006d1100000, 0x00000006d1100000|
| 166|0x00000006d1200000, 0x00000006d1200000, 0x00000006d1300000|  0%| F|  |TS  0|AC  0|TAMS 0x00000006d1200000, 0x00000006d1200000|
| 167|0x00000006d1300000, 0x00000006d1300000, 0x00000006d1400000|  0%| F|  |TS  0|AC  0|TAMS 0x00000006d1300000, 0x00000006d1300000|
| 168|0x00000006d1400000, 0x00000006d1400000, 0x00000006d1500000|  0%| F|  |TS  0|AC  0|TAMS 0x00000006d1400000, 0x00000006d1400000|
| 169|0x00000006d1500000, 0x00000006d1500000, 0x00000006d1600000|  0%| F|  |TS  0|AC  0|TAMS 0x00000006d1500000, 0x00000006d1500000|
| 170|0x00000006d1600000, 0x00000006d1600000, 0x00000006d1700000|  0%| F|  |TS  0|AC  0|TAMS 0x00000006d1600000, 0x00000006d1600000|
| 171|0x00000006d1700000, 0x00000006d1700000, 0x00000006d1800000|  0%| F|  |TS  0|AC  0|TAMS 0x00000006d1700000, 0x00000006d1700000|
| 172|0x00000006d1800000, 0x00000006d1800000, 0x00000006d1900000|  0%| F|  |TS  0|AC  0|TAMS 0x00000006d1800000, 0x00000006d1800000|
| 173|0x00000006d1900000, 0x00000006d1900000, 0x00000006d1a00000|  0%| F|  |TS  0|AC  0|TAMS 0x00000006d1900000, 0x00000006d1900000|
| 174|0x00000006d1a00000, 0x00000006d1a00000, 0x00000006d1b00000|  0%| F|  |TS  0|AC  0|TAMS 0x00000006d1a00000, 0x00000006d1a00000|
| 175|0x00000006d1b00000, 0x00000006d1b00000, 0x00000006d1c00000|  0%| F|  |TS  0|AC  0|TAMS 0x00000006d1b00000, 0x00000006d1b00000|
| 176|0x00000006d1c00000, 0x00000006d1c00000, 0x00000006d1d00000|  0%| F|  |TS  0|AC  0|TAMS 0x00000006d1c00000, 0x00000006d1c00000|
| 177|0x00000006d1d00000, 0x00000006d1d00000, 0x00000006d1e00000|  0%| F|  |TS  0|AC  0|TAMS 0x00000006d1d00000, 0x00000006d1d00000|
| 178|0x00000006d1e00000, 0x00000006d1e00000, 0x00000006d1f00000|  0%| F|  |TS  0|AC  0|TAMS 0x00000006d1e00000, 0x00000006d1e00000|
| 179|0x00000006d1f00000, 0x00000006d1f00000, 0x00000006d2000000|  0%| F|  |TS  0|AC  0|TAMS 0x00000006d1f00000, 0x00000006d1f00000|
| 180|0x00000006d2000000, 0x00000006d2000000, 0x00000006d2100000|  0%| F|  |TS  0|AC  0|TAMS 0x00000006d2000000, 0x00000006d2000000|
| 181|0x00000006d2100000, 0x00000006d2100000, 0x00000006d2200000|  0%| F|  |TS  0|AC  0|TAMS 0x00000006d2100000, 0x00000006d2100000|
| 182|0x00000006d2200000, 0x00000006d2200000, 0x00000006d2300000|  0%| F|  |TS  0|AC  0|TAMS 0x00000006d2200000, 0x00000006d2200000|
| 183|0x00000006d2300000, 0x00000006d2300000, 0x00000006d2400000|  0%| F|  |TS  0|AC  0|TAMS 0x00000006d2300000, 0x00000006d2300000|
| 184|0x00000006d2400000, 0x00000006d2400000, 0x00000006d2500000|  0%| F|  |TS  0|AC  0|TAMS 0x00000006d2400000, 0x00000006d2400000|
| 185|0x00000006d2500000, 0x00000006d2500000, 0x00000006d2600000|  0%| F|  |TS  0|AC  0|TAMS 0x00000006d2500000, 0x00000006d2500000|
| 186|0x00000006d2600000, 0x00000006d2600000, 0x00000006d2700000|  0%| F|  |TS  0|AC  0|TAMS 0x00000006d2600000, 0x00000006d2600000|
| 187|0x00000006d2700000, 0x00000006d2700000, 0x00000006d2800000|  0%| F|  |TS  0|AC  0|TAMS 0x00000006d2700000, 0x00000006d2700000|
| 188|0x00000006d2800000, 0x00000006d2800000, 0x00000006d2900000|  0%| F|  |TS  0|AC  0|TAMS 0x00000006d2800000, 0x00000006d2800000|
| 189|0x00000006d2900000, 0x00000006d2900000, 0x00000006d2a00000|  0%| F|  |TS  0|AC  0|TAMS 0x00000006d2900000, 0x00000006d2900000|
| 190|0x00000006d2a00000, 0x00000006d2a00000, 0x00000006d2b00000|  0%| F|  |TS  0|AC  0|TAMS 0x00000006d2a00000, 0x00000006d2a00000|
| 191|0x00000006d2b00000, 0x00000006d2b00000, 0x00000006d2c00000|  0%| F|  |TS  0|AC  0|TAMS 0x00000006d2b00000, 0x00000006d2b00000|
| 192|0x00000006d2c00000, 0x00000006d2c00000, 0x00000006d2d00000|  0%| F|  |TS  0|AC  0|TAMS 0x00000006d2c00000, 0x00000006d2c00000|
| 193|0x00000006d2d00000, 0x00000006d2d00000, 0x00000006d2e00000|  0%| F|  |TS  0|AC  0|TAMS 0x00000006d2d00000, 0x00000006d2d00000|
| 194|0x00000006d2e00000, 0x00000006d2e00000, 0x00000006d2f00000|  0%| F|  |TS  0|AC  0|TAMS 0x00000006d2e00000, 0x00000006d2e00000|
| 195|0x00000006d2f00000, 0x00000006d2f00000, 0x00000006d3000000|  0%| F|  |TS  0|AC  0|TAMS 0x00000006d2f00000, 0x00000006d2f00000|
| 196|0x00000006d3000000, 0x00000006d3000000, 0x00000006d3100000|  0%| F|  |TS  0|AC  0|TAMS 0x00000006d3000000, 0x00000006d3000000|
| 197|0x00000006d3100000, 0x00000006d3100000, 0x00000006d3200000|  0%| F|  |TS  0|AC  0|TAMS 0x00000006d3100000, 0x00000006d3100000|
| 198|0x00000006d3200000, 0x00000006d3200000, 0x00000006d3300000|  0%| F|  |TS  0|AC  0|TAMS 0x00000006d3200000, 0x00000006d3200000|
| 199|0x00000006d3300000, 0x00000006d3300000, 0x00000006d3400000|  0%| F|  |TS  0|AC  0|TAMS 0x00000006d3300000, 0x00000006d3300000|
| 200|0x00000006d3400000, 0x00000006d3400000, 0x00000006d3500000|  0%| F|  |TS  0|AC  0|TAMS 0x00000006d3400000, 0x00000006d3400000|
| 201|0x00000006d3500000, 0x00000006d3500000, 0x00000006d3600000|  0%| F|  |TS  0|AC  0|TAMS 0x00000006d3500000, 0x00000006d3500000|
| 202|0x00000006d3600000, 0x00000006d3682368, 0x00000006d3700000| 50%| E|  |TS  0|AC  0|TAMS 0x00000006d3600000, 0x00000006d3600000|
| 203|0x00000006d3700000, 0x00000006d3800000, 0x00000006d3800000|100%| E|CS|TS  0|AC  0|TAMS 0x00000006d3700000, 0x00000006d3700000|
| 204|0x00000006d3800000, 0x00000006d3900000, 0x00000006d3900000|100%| E|CS|TS  0|AC  0|TAMS 0x00000006d3800000, 0x00000006d3800000|
| 205|0x00000006d3900000, 0x00000006d3a00000, 0x00000006d3a00000|100%| E|CS|TS  0|AC  0|TAMS 0x00000006d3900000, 0x00000006d3900000|
| 206|0x00000006d3a00000, 0x00000006d3b00000, 0x00000006d3b00000|100%| E|CS|TS  0|AC  0|TAMS 0x00000006d3a00000, 0x00000006d3a00000|
| 207|0x00000006d3b00000, 0x00000006d3c00000, 0x00000006d3c00000|100%| E|CS|TS  0|AC  0|TAMS 0x00000006d3b00000, 0x00000006d3b00000|
| 208|0x00000006d3c00000, 0x00000006d3d00000, 0x00000006d3d00000|100%| E|CS|TS  0|AC  0|TAMS 0x00000006d3c00000, 0x00000006d3c00000|
| 209|0x00000006d3d00000, 0x00000006d3e00000, 0x00000006d3e00000|100%| E|CS|TS  0|AC  0|TAMS 0x00000006d3d00000, 0x00000006d3d00000|
| 210|0x00000006d3e00000, 0x00000006d3f00000, 0x00000006d3f00000|100%| E|CS|TS  0|AC  0|TAMS 0x00000006d3e00000, 0x00000006d3e00000|
| 211|0x00000006d3f00000, 0x00000006d4000000, 0x00000006d4000000|100%| E|CS|TS  0|AC  0|TAMS 0x00000006d3f00000, 0x00000006d3f00000|
| 212|0x00000006d4000000, 0x00000006d4100000, 0x00000006d4100000|100%| E|CS|TS  0|AC  0|TAMS 0x00000006d4000000, 0x00000006d4000000|
| 213|0x00000006d4100000, 0x00000006d4200000, 0x00000006d4200000|100%| E|CS|TS  0|AC  0|TAMS 0x00000006d4100000, 0x00000006d4100000|
| 214|0x00000006d4200000, 0x00000006d4300000, 0x00000006d4300000|100%| E|CS|TS  0|AC  0|TAMS 0x00000006d4200000, 0x00000006d4200000|
| 215|0x00000006d4300000, 0x00000006d4400000, 0x00000006d4400000|100%| E|CS|TS  0|AC  0|TAMS 0x00000006d4300000, 0x00000006d4300000|
| 216|0x00000006d4400000, 0x00000006d4500000, 0x00000006d4500000|100%| E|CS|TS  0|AC  0|TAMS 0x00000006d4400000, 0x00000006d4400000|
| 217|0x00000006d4500000, 0x00000006d4600000, 0x00000006d4600000|100%| E|CS|TS  0|AC  0|TAMS 0x00000006d4500000, 0x00000006d4500000|
| 218|0x00000006d4600000, 0x00000006d4700000, 0x00000006d4700000|100%| E|CS|TS  0|AC  0|TAMS 0x00000006d4600000, 0x00000006d4600000|
| 219|0x00000006d4700000, 0x00000006d4800000, 0x00000006d4800000|100%| E|CS|TS  0|AC  0|TAMS 0x00000006d4700000, 0x00000006d4700000|
| 220|0x00000006d4800000, 0x00000006d4900000, 0x00000006d4900000|100%| E|CS|TS  0|AC  0|TAMS 0x00000006d4800000, 0x00000006d4800000|
| 221|0x00000006d4900000, 0x00000006d4a00000, 0x00000006d4a00000|100%| E|CS|TS  0|AC  0|TAMS 0x00000006d4900000, 0x00000006d4900000|
| 222|0x00000006d4a00000, 0x00000006d4b00000, 0x00000006d4b00000|100%| E|CS|TS  0|AC  0|TAMS 0x00000006d4a00000, 0x00000006d4a00000|
| 223|0x00000006d4b00000, 0x00000006d4b47188, 0x00000006d4c00000| 27%| S|CS|TS  1|AC  0|TAMS 0x00000006d4b00000, 0x00000006d4b00000|
| 224|0x00000006d4c00000, 0x00000006d4d00000, 0x00000006d4d00000|100%| S|CS|TS  1|AC  0|TAMS 0x00000006d4c00000, 0x00000006d4c00000|
| 225|0x00000006d4d00000, 0x00000006d4e00000, 0x00000006d4e00000|100%| S|CS|TS  1|AC  0|TAMS 0x00000006d4d00000, 0x00000006d4d00000|
| 226|0x00000006d4e00000, 0x00000006d4f00000, 0x00000006d4f00000|100%| E|CS|TS  1|AC  0|TAMS 0x00000006d4e00000, 0x00000006d4e00000|
| 227|0x00000006d4f00000, 0x00000006d5000000, 0x00000006d5000000|100%| E|CS|TS  1|AC  0|TAMS 0x00000006d4f00000, 0x00000006d4f00000|
| 228|0x00000006d5000000, 0x00000006d5100000, 0x00000006d5100000|100%| E|CS|TS  1|AC  0|TAMS 0x00000006d5000000, 0x00000006d5000000|
| 229|0x00000006d5100000, 0x00000006d5200000, 0x00000006d5200000|100%| E|CS|TS  1|AC  0|TAMS 0x00000006d5100000, 0x00000006d5100000|
| 230|0x00000006d5200000, 0x00000006d5300000, 0x00000006d5300000|100%| E|CS|TS  1|AC  0|TAMS 0x00000006d5200000, 0x00000006d5200000|
| 231|0x00000006d5300000, 0x00000006d5400000, 0x00000006d5400000|100%| E|CS|TS  1|AC  0|TAMS 0x00000006d5300000, 0x00000006d5300000|
| 232|0x00000006d5400000, 0x00000006d5500000, 0x00000006d5500000|100%| E|CS|TS  1|AC  0|TAMS 0x00000006d5400000, 0x00000006d5400000|
| 233|0x00000006d5500000, 0x00000006d5600000, 0x00000006d5600000|100%| E|CS|TS  1|AC  0|TAMS 0x00000006d5500000, 0x00000006d5500000|
| 234|0x00000006d5600000, 0x00000006d5700000, 0x00000006d5700000|100%| E|CS|TS  1|AC  0|TAMS 0x00000006d5600000, 0x00000006d5600000|
| 235|0x00000006d5700000, 0x00000006d5800000, 0x00000006d5800000|100%| E|CS|TS  1|AC  0|TAMS 0x00000006d5700000, 0x00000006d5700000|
| 236|0x00000006d5800000, 0x00000006d5900000, 0x00000006d5900000|100%| E|CS|TS  1|AC  0|TAMS 0x00000006d5800000, 0x00000006d5800000|
| 237|0x00000006d5900000, 0x00000006d5a00000, 0x00000006d5a00000|100%| E|CS|TS  1|AC  0|TAMS 0x00000006d5900000, 0x00000006d5900000|
| 238|0x00000006d5a00000, 0x00000006d5b00000, 0x00000006d5b00000|100%| E|CS|TS  1|AC  0|TAMS 0x00000006d5a00000, 0x00000006d5a00000|
| 239|0x00000006d5b00000, 0x00000006d5c00000, 0x00000006d5c00000|100%| E|CS|TS  1|AC  0|TAMS 0x00000006d5b00000, 0x00000006d5b00000|
| 240|0x00000006d5c00000, 0x00000006d5d00000, 0x00000006d5d00000|100%| E|CS|TS  1|AC  0|TAMS 0x00000006d5c00000, 0x00000006d5c00000|
| 241|0x00000006d5d00000, 0x00000006d5e00000, 0x00000006d5e00000|100%| E|CS|TS  1|AC  0|TAMS 0x00000006d5d00000, 0x00000006d5d00000|
| 242|0x00000006d5e00000, 0x00000006d5f00000, 0x00000006d5f00000|100%| E|CS|TS  1|AC  0|TAMS 0x00000006d5e00000, 0x00000006d5e00000|
| 243|0x00000006d5f00000, 0x00000006d6000000, 0x00000006d6000000|100%| E|CS|TS  1|AC  0|TAMS 0x00000006d5f00000, 0x00000006d5f00000|
| 244|0x00000006d6000000, 0x00000006d6100000, 0x00000006d6100000|100%| E|CS|TS  1|AC  0|TAMS 0x00000006d6000000, 0x00000006d6000000|
| 245|0x00000006d6100000, 0x00000006d6200000, 0x00000006d6200000|100%| E|CS|TS  1|AC  0|TAMS 0x00000006d6100000, 0x00000006d6100000|
| 246|0x00000006d6200000, 0x00000006d6300000, 0x00000006d6300000|100%| E|CS|TS  1|AC  0|TAMS 0x00000006d6200000, 0x00000006d6200000|
| 247|0x00000006d6300000, 0x00000006d6400000, 0x00000006d6400000|100%| E|CS|TS  1|AC  0|TAMS 0x00000006d6300000, 0x00000006d6300000|
| 248|0x00000006d6400000, 0x00000006d6500000, 0x00000006d6500000|100%| E|CS|TS  1|AC  0|TAMS 0x00000006d6400000, 0x00000006d6400000|
| 249|0x00000006d6500000, 0x00000006d6600000, 0x00000006d6600000|100%| E|CS|TS  1|AC  0|TAMS 0x00000006d6500000, 0x00000006d6500000|

Card table byte_map: [0x00007fc3d4bb5000,0x00007fc3d537f000] byte_map_base: 0x00007fc3d157f000

Marking Bits (Prev, Next): (CMBitMap*) 0x00007fc3d0082120, (CMBitMap*) 0x00007fc3d0082158
 Prev Bits: [0x00007fc3941b0000, 0x00007fc398000000)
 Next Bits: [0x00007fc38c1b0000, 0x00007fc390000000)

Polling page: 0x00007fc3da861000

CodeHeap 'non-profiled nmethods': size=120032Kb used=992Kb max_used=992Kb free=119039Kb
 bounds [0x00007fc3bf5ed000, 0x00007fc3bf85d000, 0x00007fc3c6b25000]
CodeHeap 'profiled nmethods': size=120028Kb used=3033Kb max_used=3033Kb free=116994Kb
 bounds [0x00007fc3b80b6000, 0x00007fc3b83b6000, 0x00007fc3bf5ed000]
CodeHeap 'non-nmethods': size=5700Kb used=1148Kb max_used=1239Kb free=4552Kb
 bounds [0x00007fc3b7b25000, 0x00007fc3b7d95000, 0x00007fc3b80b6000]
 total_blobs=2152 nmethods=1422 adapters=318
 compilation: enabled

Compilation events (10 events):
Event: 0.926 Thread 0x00007fc3d0221800 1242       4       org.eclipse.jdt.launching.internal.org.objectweb.asm.ClassReader::readConst (265 bytes)
Event: 0.955 Thread 0x00007fc3d0221800 nmethod 1242 0x00007fc3bf6a7810 code [0x00007fc3bf6a7ba0, 0x00007fc3bf6a9a88]
Event: 0.955 Thread 0x00007fc3d0221800 1237       4       org.eclipse.jdt.launching.internal.org.objectweb.asm.MethodWriter::visitLdcInsn (183 bytes)
Event: 0.970 Thread 0x00007fc3d0221800 nmethod 1237 0x00007fc3bf6aae90 code [0x00007fc3bf6ab120, 0x00007fc3bf6ac850]
Event: 1.048 Thread 0x00007fc3d021d800 nmethod 655 0x00007fc3bf6ad290 code [0x00007fc3bf6ae120, 0x00007fc3bf6bfe98]
Event: 1.208 Thread 0x00007fc3d021f800 nmethod 1232 0x00007fc3bf6ca610 code [0x00007fc3bf6cac00, 0x00007fc3bf6dec20]
Event: 2.895 Thread 0x00007fc3d0221800 1425       4       java.lang.String::substring (58 bytes)
Event: 2.895 Thread 0x00007fc3d021d800 1426       4       org.eclipse.jdt.launching.internal.org.objectweb.asm.ByteVector::put11 (52 bytes)
Event: 2.899 Thread 0x00007fc3d0221800 nmethod 1425 0x00007fc3bf6e3c10 code [0x00007fc3bf6e3dc0, 0x00007fc3bf6e4358]
Event: 2.899 Thread 0x00007fc3d021d800 nmethod 1426 0x00007fc3bf6e4690 code [0x00007fc3bf6e4840, 0x00007fc3bf6e4e98]

GC Heap History (2 events):
Event: 0.402 GC heap before
{Heap before GC invocations=0 (full 0):
 garbage-first heap   total 256000K, used 24576K [0x00000006c6c00000, 0x00000007c0000000)
  region size 1024K, 24 young (24576K), 0 survivors (0K)
 Metaspace       used 10951K, capacity 11081K, committed 11392K, reserved 1058816K
  class space    used 1022K, capacity 1074K, committed 1152K, reserved 1048576K
}
Event: 0.405 GC heap after
{Heap after GC invocations=1 (full 0):
 garbage-first heap   total 256000K, used 2332K [0x00000006c6c00000, 0x00000007c0000000)
  region size 1024K, 3 young (3072K), 3 survivors (3072K)
 Metaspace       used 10951K, capacity 11081K, committed 11392K, reserved 1058816K
  class space    used 1022K, capacity 1074K, committed 1152K, reserved 1048576K
}

Deoptimization events (10 events):
Event: 0.553 Thread 0x00007fc3d0012000 Uncommon trap: reason=unstable_if action=reinterpret pc=0x00007fc3bf64f4bc method=java.lang.StringLatin1.indexOf([BI[BII)I @ 91 c2
Event: 0.697 Thread 0x00007fc3d0012000 Uncommon trap: reason=unstable_if action=reinterpret pc=0x00007fc3bf634984 method=org.eclipse.jdt.launching.internal.org.objectweb.asm.ByteVector.putUTF8(Ljava/lang/String;)Lorg/eclipse/jdt/launching/internal/org/objectweb/asm/ByteVector; @ 91 c2
Event: 0.708 Thread 0x00007fc3d0012000 Uncommon trap: reason=unstable_if action=reinterpret pc=0x00007fc3bf674fe4 method=org.eclipse.jdt.launching.internal.org.objectweb.asm.ClassReader.readStackMapFrame(IZZLorg/eclipse/jdt/launching/internal/org/objectweb/asm/Context;)I @ 155 c2
Event: 0.708 Thread 0x00007fc3d0012000 Uncommon trap: reason=unstable_if action=reinterpret pc=0x00007fc3bf65a540 method=org.eclipse.jdt.launching.internal.org.objectweb.asm.MethodWriter.visitFrame(II[Ljava/lang/Object;I[Ljava/lang/Object;)V @ 602 c2
Event: 0.746 Thread 0x00007fc3d0012000 Uncommon trap: reason=bimorphic_or_optimized_type_check action=maybe_recompile pc=0x00007fc3bf685ffc method=java.util.concurrent.ConcurrentHashMap.get(Ljava/lang/Object;)Ljava/lang/Object; @ 149 c2
Event: 0.759 Thread 0x00007fc3d0012000 Uncommon trap: reason=unstable_if action=reinterpret pc=0x00007fc3bf662be0 method=java.lang.StringLatin1.replace([BCC)Ljava/lang/String; @ 19 c2
Event: 0.767 Thread 0x00007fc3d0012000 Uncommon trap: reason=bimorphic_or_optimized_type_check action=maybe_recompile pc=0x00007fc3bf685ffc method=java.util.concurrent.ConcurrentHashMap.get(Ljava/lang/Object;)Ljava/lang/Object; @ 149 c2
Event: 0.771 Thread 0x00007fc3d0012000 Uncommon trap: reason=bimorphic_or_optimized_type_check action=maybe_recompile pc=0x00007fc3bf685ffc method=java.util.concurrent.ConcurrentHashMap.get(Ljava/lang/Object;)Ljava/lang/Object; @ 149 c2
Event: 0.882 Thread 0x00007fc3d0012000 Uncommon trap: reason=unstable_if action=reinterpret pc=0x00007fc3bf646fbc method=org.eclipse.jdt.launching.internal.org.objectweb.asm.Type.getArgumentsAndReturnSizes(Ljava/lang/String;)I @ 25 c2
Event: 0.900 Thread 0x00007fc3d0012000 Uncommon trap: reason=bimorphic_or_optimized_type_check action=maybe_recompile pc=0x00007fc3bf685ffc method=java.util.concurrent.ConcurrentHashMap.get(Ljava/lang/Object;)Ljava/lang/Object; @ 149 c2

Classes redefined (3 events):
Event: 12.594 Thread 0x00007fc3d01fe000 redefined class name=cn.edu.fjut.ast.MySQLParse, count=1
Event: 16.310 Thread 0x00007fc3d01fe000 redefined class name=cn.edu.fjut.ast.MySQLParse, count=2
Event: 130.267 Thread 0x00007fc3d01fe000 redefined class name=cn.edu.fjut.ast.MySQLParse, count=3

Internal exceptions (10 events):
Event: 0.617 Thread 0x00007fc3d0012000 Exception <a 'java/lang/NoSuchMethodError'{0x00000006d5244548}: java.lang.invoke.DirectMethodHandle$Holder.invokeStatic(Ljava/lang/Object;Ljava/lang/Object;Ljava/lang/Object;Ljava/lang/Object;Ljava/lang/Object;Ljava/lang/Object;Ljava/lang/Object;Ljava/lan
Event: 0.620 Thread 0x00007fc3d0012000 Exception <a 'java/lang/NoSuchMethodError'{0x00000006d5268ce0}: java.lang.invoke.DirectMethodHandle$Holder.invokeStatic(Ljava/lang/Object;Ljava/lang/Object;Ljava/lang/Object;Ljava/lang/Object;Ljava/lang/Object;Ljava/lang/Object;Ljava/lang/Object;Ljava/lan
Event: 0.631 Thread 0x00007fc3d0012000 Exception <a 'java/lang/NoSuchMethodError'{0x00000006d52b87f0}: java.lang.invoke.DirectMethodHandle$Holder.invokeStatic(Ljava/lang/Object;Ljava/lang/Object;)I> (0x00000006d52b87f0) thrown at [/build/openjdk-lts-Ae5PRQ/openjdk-lts-10.0.2+13/src/hotspot/sha
Event: 0.633 Thread 0x00007fc3d0012000 Exception <a 'java/lang/NoSuchMethodError'{0x00000006d52c5330}: java.lang.Object.of([Ljava/lang/Object;)Ljava/util/stream/Stream;> (0x00000006d52c5330) thrown at [/build/openjdk-lts-Ae5PRQ/openjdk-lts-10.0.2+13/src/hotspot/share/interpreter/linkResolver.c
Event: 0.676 Thread 0x00007fc3d0012000 Exception <a 'java/lang/NoSuchMethodError'{0x00000006d50263b0}: java.lang.invoke.DirectMethodHandle$Holder.invokeSpecial(Ljava/lang/Object;Ljava/lang/Object;Ljava/lang/Object;)I> (0x00000006d50263b0) thrown at [/build/openjdk-lts-Ae5PRQ/openjdk-lts-10.0.2
Event: 0.678 Thread 0x00007fc3d0012000 Exception <a 'java/lang/NoSuchMethodError'{0x00000006d50314a8}: method resolution failed> (0x00000006d50314a8) thrown at [/build/openjdk-lts-Ae5PRQ/openjdk-lts-10.0.2+13/src/hotspot/share/prims/methodHandles.cpp, line 1226]
Event: 0.686 Thread 0x00007fc3d0012000 Exception <a 'java/lang/NoSuchMethodError'{0x00000006d5067368}: java.lang.invoke.DirectMethodHandle$Holder.invokeStatic(Ljava/lang/Object;Ljava/lang/Object;Ljava/lang/Object;)V> (0x00000006d5067368) thrown at [/build/openjdk-lts-Ae5PRQ/openjdk-lts-10.0.2+
Event: 0.760 Thread 0x00007fc3d0012000 Exception <a 'java/lang/NoSuchMethodError'{0x00000006d4702678}: java.lang.Object.lambda$negate$3(I)Z> (0x00000006d4702678) thrown at [/build/openjdk-lts-Ae5PRQ/openjdk-lts-10.0.2+13/src/hotspot/share/interpreter/linkResolver.cpp, line 741]
Event: 0.762 Thread 0x00007fc3d0012000 Exception <a 'java/lang/NoSuchMethodError'{0x00000006d470ce40}: java.lang.Object.lambda$union$2(Ljava/util/regex/Pattern$CharPredicate;I)Z> (0x00000006d470ce40) thrown at [/build/openjdk-lts-Ae5PRQ/openjdk-lts-10.0.2+13/src/hotspot/share/interpreter/linkR
Event: 0.777 Thread 0x00007fc3d0012000 Exception <a 'java/lang/NoSuchMethodError'{0x00000006d47ddc20}: java.lang.invoke.DirectMethodHandle$Holder.invokeStatic(Ljava/lang/Object;Ljava/lang/Object;Ljava/lang/Object;)I> (0x00000006d47ddc20) thrown at [/build/openjdk-lts-Ae5PRQ/openjdk-lts-10.0.2+

Events (10 events):
Event: 130.283 Executing VM operation: GetOwnedMonitorInfo done
Event: 130.283 Executing VM operation: GetCurrentContendedMonitor
Event: 130.283 Executing VM operation: GetCurrentContendedMonitor done
Event: 130.283 Executing VM operation: GetCurrentContendedMonitor
Event: 130.283 Executing VM operation: GetCurrentContendedMonitor done
Event: 130.283 Executing VM operation: GetOwnedMonitorInfo
Event: 130.283 Executing VM operation: GetOwnedMonitorInfo done
Event: 130.385 Executing VM operation: GetFrameLocation
Event: 130.385 Executing VM operation: GetFrameLocation done
Event: 130.385 Executing VM operation: GetOrSetLocal


Dynamic libraries:
6c6c00000-6d6600000 rw-p 00000000 00:00 0 
6d6600000-7c0000000 ---p 00000000 00:00 0 
7c0000000-7c01e0000 rw-p 00000000 00:00 0 
7c01e0000-800000000 ---p 00000000 00:00 0 
55e34192f000-55e341930000 r-xp 00000000 08:01 2752761                    /usr/lib/jvm/java-11-openjdk-amd64/bin/java
55e341b30000-55e341b31000 r--p 00001000 08:01 2752761                    /usr/lib/jvm/java-11-openjdk-amd64/bin/java
55e341b31000-55e341b32000 rw-p 00002000 08:01 2752761                    /usr/lib/jvm/java-11-openjdk-amd64/bin/java
55e341d6b000-55e341d8c000 rw-p 00000000 00:00 0                          [heap]
7fc318000000-7fc318021000 rw-p 00000000 00:00 0 
7fc318021000-7fc31c000000 ---p 00000000 00:00 0 
7fc320000000-7fc320021000 rw-p 00000000 00:00 0 
7fc320021000-7fc324000000 ---p 00000000 00:00 0 
7fc324000000-7fc324021000 rw-p 00000000 00:00 0 
7fc324021000-7fc328000000 ---p 00000000 00:00 0 
7fc328000000-7fc328021000 rw-p 00000000 00:00 0 
7fc328021000-7fc32c000000 ---p 00000000 00:00 0 
7fc32c000000-7fc32c021000 rw-p 00000000 00:00 0 
7fc32c021000-7fc330000000 ---p 00000000 00:00 0 
7fc330000000-7fc330021000 rw-p 00000000 00:00 0 
7fc330021000-7fc334000000 ---p 00000000 00:00 0 
7fc334000000-7fc334023000 rw-p 00000000 00:00 0 
7fc334023000-7fc338000000 ---p 00000000 00:00 0 
7fc338000000-7fc33971b000 rw-p 00000000 00:00 0 
7fc33971b000-7fc33c000000 ---p 00000000 00:00 0 
7fc33c000000-7fc33ca85000 rw-p 00000000 00:00 0 
7fc33ca85000-7fc340000000 ---p 00000000 00:00 0 
7fc340000000-7fc3419be000 rw-p 00000000 00:00 0 
7fc3419be000-7fc344000000 ---p 00000000 00:00 0 
7fc344000000-7fc345fc4000 rw-p 00000000 00:00 0 
7fc345fc4000-7fc348000000 ---p 00000000 00:00 0 
7fc348000000-7fc348021000 rw-p 00000000 00:00 0 
7fc348021000-7fc34c000000 ---p 00000000 00:00 0 
7fc34ce8d000-7fc34cf81000 r-xp 00000000 08:01 135527                     /tmp/sqlite-3.25.2-dd0db31a-006b-42ad-8df2-036a902153a0-libsqlitejdbc.so
7fc34cf81000-7fc34d181000 ---p 000f4000 08:01 135527                     /tmp/sqlite-3.25.2-dd0db31a-006b-42ad-8df2-036a902153a0-libsqlitejdbc.so
7fc34d181000-7fc34d187000 rw-p 000f4000 08:01 135527                     /tmp/sqlite-3.25.2-dd0db31a-006b-42ad-8df2-036a902153a0-libsqlitejdbc.so
7fc34d871000-7fc34da31000 rw-p 00000000 00:00 0 
7fc34da31000-7fc34da71000 ---p 00000000 00:00 0 
7fc34da71000-7fc34dc71000 rw-p 00000000 00:00 0 
7fc34dc71000-7fc34dc76000 r-xp 00000000 08:01 2752860                    /usr/lib/jvm/java-11-openjdk-amd64/lib/libmanagement_ext.so
7fc34dc76000-7fc34de75000 ---p 00005000 08:01 2752860                    /usr/lib/jvm/java-11-openjdk-amd64/lib/libmanagement_ext.so
7fc34de75000-7fc34de76000 r--p 00004000 08:01 2752860                    /usr/lib/jvm/java-11-openjdk-amd64/lib/libmanagement_ext.so
7fc34de76000-7fc34de77000 rw-p 00005000 08:01 2752860                    /usr/lib/jvm/java-11-openjdk-amd64/lib/libmanagement_ext.so
7fc34de77000-7fc34de7b000 r-xp 00000000 08:01 2752857                    /usr/lib/jvm/java-11-openjdk-amd64/lib/libmanagement.so
7fc34de7b000-7fc34e07a000 ---p 00004000 08:01 2752857                    /usr/lib/jvm/java-11-openjdk-amd64/lib/libmanagement.so
7fc34e07a000-7fc34e07b000 r--p 00003000 08:01 2752857                    /usr/lib/jvm/java-11-openjdk-amd64/lib/libmanagement.so
7fc34e07b000-7fc34e07c000 rw-p 00004000 08:01 2752857                    /usr/lib/jvm/java-11-openjdk-amd64/lib/libmanagement.so
7fc34e31d000-7fc34e51d000 rw-p 00000000 00:00 0 
7fc34e51d000-7fc34e71d000 rw-p 00000000 00:00 0 
7fc34e71d000-7fc34e71e000 ---p 00000000 00:00 0 
7fc34e71e000-7fc34e81f000 rw-p 00000000 00:00 0 
7fc34e81f000-7fc34e823000 ---p 00000000 00:00 0 
7fc34e823000-7fc34e920000 rw-p 00000000 00:00 0 
7fc34e920000-7fc34e937000 r-xp 00000000 08:01 2752862                    /usr/lib/jvm/java-11-openjdk-amd64/lib/libnet.so
7fc34e937000-7fc34eb36000 ---p 00017000 08:01 2752862                    /usr/lib/jvm/java-11-openjdk-amd64/lib/libnet.so
7fc34eb36000-7fc34eb37000 r--p 00016000 08:01 2752862                    /usr/lib/jvm/java-11-openjdk-amd64/lib/libnet.so
7fc34eb37000-7fc34eb38000 rw-p 00017000 08:01 2752862                    /usr/lib/jvm/java-11-openjdk-amd64/lib/libnet.so
7fc34eb38000-7fc34eb49000 r-xp 00000000 08:01 2752863                    /usr/lib/jvm/java-11-openjdk-amd64/lib/libnio.so
7fc34eb49000-7fc34ed48000 ---p 00011000 08:01 2752863                    /usr/lib/jvm/java-11-openjdk-amd64/lib/libnio.so
7fc34ed48000-7fc34ed49000 r--p 00010000 08:01 2752863                    /usr/lib/jvm/java-11-openjdk-amd64/lib/libnio.so
7fc34ed49000-7fc34ed4a000 rw-p 00011000 08:01 2752863                    /usr/lib/jvm/java-11-openjdk-amd64/lib/libnio.so
7fc34ed4a000-7fc34ed4e000 ---p 00000000 00:00 0 
7fc34ed4e000-7fc34ee4b000 rw-p 00000000 00:00 0 
7fc34ee4b000-7fc34ee4f000 ---p 00000000 00:00 0 
7fc34ee4f000-7fc34ef4c000 rw-p 00000000 00:00 0 
7fc34ef4c000-7fc34ef50000 ---p 00000000 00:00 0 
7fc34ef50000-7fc34f04d000 rw-p 00000000 00:00 0 
7fc34f04d000-7fc34f051000 ---p 00000000 00:00 0 
7fc34f051000-7fc34f14e000 rw-p 00000000 00:00 0 
7fc34f14e000-7fc34f159000 r-xp 00000000 08:01 2360120                    /lib/x86_64-linux-gnu/libnss_files-2.27.so
7fc34f159000-7fc34f358000 ---p 0000b000 08:01 2360120                    /lib/x86_64-linux-gnu/libnss_files-2.27.so
7fc34f358000-7fc34f359000 r--p 0000a000 08:01 2360120                    /lib/x86_64-linux-gnu/libnss_files-2.27.so
7fc34f359000-7fc34f35a000 rw-p 0000b000 08:01 2360120                    /lib/x86_64-linux-gnu/libnss_files-2.27.so
7fc34f35a000-7fc34f360000 rw-p 00000000 00:00 0 
7fc34f360000-7fc34f365000 r-xp 00000000 08:01 2752799                    /usr/lib/jvm/java-11-openjdk-amd64/lib/libdt_socket.so
7fc34f365000-7fc34f564000 ---p 00005000 08:01 2752799                    /usr/lib/jvm/java-11-openjdk-amd64/lib/libdt_socket.so
7fc34f564000-7fc34f565000 r--p 00004000 08:01 2752799                    /usr/lib/jvm/java-11-openjdk-amd64/lib/libdt_socket.so
7fc34f565000-7fc34f566000 rw-p 00005000 08:01 2752799                    /usr/lib/jvm/java-11-openjdk-amd64/lib/libdt_socket.so
7fc34f566000-7fc34f56a000 ---p 00000000 00:00 0 
7fc34f56a000-7fc34f667000 rw-p 00000000 00:00 0 
7fc34f667000-7fc34f66b000 ---p 00000000 00:00 0 
7fc34f66b000-7fc34f768000 rw-p 00000000 00:00 0 
7fc34f768000-7fc34f76c000 ---p 00000000 00:00 0 
7fc34f76c000-7fc34f869000 rw-p 00000000 00:00 0 
7fc34f869000-7fc34f86d000 ---p 00000000 00:00 0 
7fc34f86d000-7fc34f96a000 rw-p 00000000 00:00 0 
7fc34f96a000-7fc34f96e000 ---p 00000000 00:00 0 
7fc34f96e000-7fc34fa6b000 rw-p 00000000 00:00 0 
7fc34fa6b000-7fc34fa6f000 ---p 00000000 00:00 0 
7fc34fa6f000-7fc34fb6c000 rw-p 00000000 00:00 0 
7fc34fb6c000-7fc350000000 r--p 00000000 08:01 279777                     /usr/lib/locale/locale-archive
7fc350000000-7fc350021000 rw-p 00000000 00:00 0 
7fc350021000-7fc354000000 ---p 00000000 00:00 0 
7fc354000000-7fc354021000 rw-p 00000000 00:00 0 
7fc354021000-7fc358000000 ---p 00000000 00:00 0 
7fc358000000-7fc358021000 rw-p 00000000 00:00 0 
7fc358021000-7fc35c000000 ---p 00000000 00:00 0 
7fc35c000000-7fc35c021000 rw-p 00000000 00:00 0 
7fc35c021000-7fc360000000 ---p 00000000 00:00 0 
7fc360000000-7fc360021000 rw-p 00000000 00:00 0 
7fc360021000-7fc364000000 ---p 00000000 00:00 0 
7fc364000000-7fc364021000 rw-p 00000000 00:00 0 
7fc364021000-7fc368000000 ---p 00000000 00:00 0 
7fc368000000-7fc368021000 rw-p 00000000 00:00 0 
7fc368021000-7fc36c000000 ---p 00000000 00:00 0 
7fc36c000000-7fc36c021000 rw-p 00000000 00:00 0 
7fc36c021000-7fc370000000 ---p 00000000 00:00 0 
7fc370000000-7fc370021000 rw-p 00000000 00:00 0 
7fc370021000-7fc374000000 ---p 00000000 00:00 0 
7fc374000000-7fc374021000 rw-p 00000000 00:00 0 
7fc374021000-7fc378000000 ---p 00000000 00:00 0 
7fc378000000-7fc378021000 rw-p 00000000 00:00 0 
7fc378021000-7fc37c000000 ---p 00000000 00:00 0 
7fc37c000000-7fc37c021000 rw-p 00000000 00:00 0 
7fc37c021000-7fc380000000 ---p 00000000 00:00 0 
7fc380000000-7fc380021000 rw-p 00000000 00:00 0 
7fc380021000-7fc384000000 ---p 00000000 00:00 0 
7fc384000000-7fc384021000 rw-p 00000000 00:00 0 
7fc384021000-7fc388000000 ---p 00000000 00:00 0 
7fc388000000-7fc388021000 rw-p 00000000 00:00 0 
7fc388021000-7fc38c000000 ---p 00000000 00:00 0 
7fc38c0af000-7fc38c0b3000 ---p 00000000 00:00 0 
7fc38c0b3000-7fc38c598000 rw-p 00000000 00:00 0 
7fc38c598000-7fc390000000 ---p 00000000 00:00 0 
7fc390000000-7fc390021000 rw-p 00000000 00:00 0 
7fc390021000-7fc394000000 ---p 00000000 00:00 0 
7fc394014000-7fc394049000 r--s 00000000 08:01 4194385                    /var/cache/nscd/hosts
7fc3940af000-7fc3940b3000 ---p 00000000 00:00 0 
7fc3940b3000-7fc394598000 rw-p 00000000 00:00 0 
7fc394598000-7fc398000000 ---p 00000000 00:00 0 
7fc398000000-7fc398021000 rw-p 00000000 00:00 0 
7fc398021000-7fc39c000000 ---p 00000000 00:00 0 
7fc39c000000-7fc39c021000 rw-p 00000000 00:00 0 
7fc39c021000-7fc3a0000000 ---p 00000000 00:00 0 
7fc3a0000000-7fc3a0021000 rw-p 00000000 00:00 0 
7fc3a0021000-7fc3a4000000 ---p 00000000 00:00 0 
7fc3a4000000-7fc3a4021000 rw-p 00000000 00:00 0 
7fc3a4021000-7fc3a8000000 ---p 00000000 00:00 0 
7fc3a8000000-7fc3a8021000 rw-p 00000000 00:00 0 
7fc3a8021000-7fc3ac000000 ---p 00000000 00:00 0 
7fc3ac000000-7fc3ac021000 rw-p 00000000 00:00 0 
7fc3ac021000-7fc3b0000000 ---p 00000000 00:00 0 
7fc3b0000000-7fc3b0021000 rw-p 00000000 00:00 0 
7fc3b0021000-7fc3b4000000 ---p 00000000 00:00 0 
7fc3b4007000-7fc3b4008000 ---p 00000000 00:00 0 
7fc3b4008000-7fc3b4909000 rw-p 00000000 00:00 0 
7fc3b4909000-7fc3b490a000 ---p 00000000 00:00 0 
7fc3b490a000-7fc3b4a0b000 rw-p 00000000 00:00 0 
7fc3b4a0b000-7fc3b4a0c000 ---p 00000000 00:00 0 
7fc3b4a0c000-7fc3b4b0d000 rw-p 00000000 00:00 0 
7fc3b4b0d000-7fc3b4b0e000 ---p 00000000 00:00 0 
7fc3b4b0e000-7fc3b4c0f000 rw-p 00000000 00:00 0 
7fc3b4c0f000-7fc3b4c10000 ---p 00000000 00:00 0 
7fc3b4c10000-7fc3b4d11000 rw-p 00000000 00:00 0 
7fc3b4d11000-7fc3b4d12000 ---p 00000000 00:00 0 
7fc3b4d12000-7fc3b4e13000 rw-p 00000000 00:00 0 
7fc3b4e13000-7fc3b4e14000 ---p 00000000 00:00 0 
7fc3b4e14000-7fc3b4f15000 rw-p 00000000 00:00 0 
7fc3b4f15000-7fc3b4f16000 ---p 00000000 00:00 0 
7fc3b4f16000-7fc3b5017000 rw-p 00000000 00:00 0 
7fc3b5017000-7fc3b5018000 ---p 00000000 00:00 0 
7fc3b5018000-7fc3b5119000 rw-p 00000000 00:00 0 
7fc3b5119000-7fc3b511a000 ---p 00000000 00:00 0 
7fc3b511a000-7fc3b7a23000 rw-p 00000000 00:00 0 
7fc3b7a23000-7fc3b7a24000 ---p 00000000 00:00 0 
7fc3b7a24000-7fc3b7b25000 rw-p 00000000 00:00 0 
7fc3b7b25000-7fc3b7d95000 rwxp 00000000 00:00 0 
7fc3b7d95000-7fc3b80b6000 ---p 00000000 00:00 0 
7fc3b80b6000-7fc3b83b6000 rwxp 00000000 00:00 0 
7fc3b83b6000-7fc3bf5ed000 ---p 00000000 00:00 0 
7fc3bf5ed000-7fc3bf85d000 rwxp 00000000 00:00 0 
7fc3bf85d000-7fc3c6b25000 ---p 00000000 00:00 0 
7fc3c6b25000-7fc3d0000000 r--s 00000000 08:01 2752872                    /usr/lib/jvm/java-11-openjdk-amd64/lib/modules
7fc3d0000000-7fc3d0e88000 rw-p 00000000 00:00 0 
7fc3d0e88000-7fc3d4000000 ---p 00000000 00:00 0 
7fc3d401c000-7fc3d40ed000 rw-p 00000000 00:00 0 
7fc3d40ed000-7fc3d40ee000 ---p 00000000 00:00 0 
7fc3d40ee000-7fc3d41ef000 rw-p 00000000 00:00 0 
7fc3d41ef000-7fc3d41f0000 ---p 00000000 00:00 0 
7fc3d41f0000-7fc3d4468000 rw-p 00000000 00:00 0 
7fc3d4468000-7fc3d4bb5000 ---p 00000000 00:00 0 
7fc3d4bb5000-7fc3d4c32000 rw-p 00000000 00:00 0 
7fc3d4c32000-7fc3d537f000 ---p 00000000 00:00 0 
7fc3d537f000-7fc3d53fc000 rw-p 00000000 00:00 0 
7fc3d53fc000-7fc3d5b49000 ---p 00000000 00:00 0 
7fc3d5b49000-7fc3d6351000 rw-p 00000000 00:00 0 
7fc3d6351000-7fc3d6352000 ---p 00000000 00:00 0 
7fc3d6352000-7fc3d6453000 rw-p 00000000 00:00 0 
7fc3d6453000-7fc3d6454000 ---p 00000000 00:00 0 
7fc3d6454000-7fc3d6555000 rw-p 00000000 00:00 0 
7fc3d6555000-7fc3d6556000 ---p 00000000 00:00 0 
7fc3d6556000-7fc3d6657000 rw-p 00000000 00:00 0 
7fc3d6657000-7fc3d6658000 ---p 00000000 00:00 0 
7fc3d6658000-7fc3d6759000 rw-p 00000000 00:00 0 
7fc3d6759000-7fc3d675a000 ---p 00000000 00:00 0 
7fc3d675a000-7fc3d685b000 rw-p 00000000 00:00 0 
7fc3d685b000-7fc3d685c000 ---p 00000000 00:00 0 
7fc3d685c000-7fc3d695d000 rw-p 00000000 00:00 0 
7fc3d695d000-7fc3d695e000 ---p 00000000 00:00 0 
7fc3d695e000-7fc3d6a5f000 rw-p 00000000 00:00 0 
7fc3d6a5f000-7fc3d6a60000 ---p 00000000 00:00 0 
7fc3d6a60000-7fc3d6b66000 rw-p 00000000 00:00 0 
7fc3d6b66000-7fc3d6c4c000 ---p 00000000 00:00 0 
7fc3d6c4c000-7fc3d6c52000 rw-p 00000000 00:00 0 
7fc3d6c52000-7fc3d6d37000 ---p 00000000 00:00 0 
7fc3d6d37000-7fc3d6d3c000 r-xp 00000000 08:01 2752849                    /usr/lib/jvm/java-11-openjdk-amd64/lib/libjimage.so
7fc3d6d3c000-7fc3d6f3b000 ---p 00005000 08:01 2752849                    /usr/lib/jvm/java-11-openjdk-amd64/lib/libjimage.so
7fc3d6f3b000-7fc3d6f3c000 r--p 00004000 08:01 2752849                    /usr/lib/jvm/java-11-openjdk-amd64/lib/libjimage.so
7fc3d6f3c000-7fc3d6f3d000 rw-p 00005000 08:01 2752849                    /usr/lib/jvm/java-11-openjdk-amd64/lib/libjimage.so
7fc3d6f3d000-7fc3d6f44000 r-xp 00000000 08:01 2752871                    /usr/lib/jvm/java-11-openjdk-amd64/lib/libzip.so
7fc3d6f44000-7fc3d7143000 ---p 00007000 08:01 2752871                    /usr/lib/jvm/java-11-openjdk-amd64/lib/libzip.so
7fc3d7143000-7fc3d7144000 r--p 00006000 08:01 2752871                    /usr/lib/jvm/java-11-openjdk-amd64/lib/libzip.so
7fc3d7144000-7fc3d7145000 rw-p 00007000 08:01 2752871                    /usr/lib/jvm/java-11-openjdk-amd64/lib/libzip.so
7fc3d7145000-7fc3d714f000 r-xp 00000000 08:01 2752802                    /usr/lib/jvm/java-11-openjdk-amd64/lib/libinstrument.so
7fc3d714f000-7fc3d734e000 ---p 0000a000 08:01 2752802                    /usr/lib/jvm/java-11-openjdk-amd64/lib/libinstrument.so
7fc3d734e000-7fc3d734f000 r--p 00009000 08:01 2752802                    /usr/lib/jvm/java-11-openjdk-amd64/lib/libinstrument.so
7fc3d734f000-7fc3d7350000 rw-p 0000a000 08:01 2752802                    /usr/lib/jvm/java-11-openjdk-amd64/lib/libinstrument.so
7fc3d7350000-7fc3d738d000 r-xp 00000000 08:01 2752847                    /usr/lib/jvm/java-11-openjdk-amd64/lib/libjdwp.so
7fc3d738d000-7fc3d758c000 ---p 0003d000 08:01 2752847                    /usr/lib/jvm/java-11-openjdk-amd64/lib/libjdwp.so
7fc3d758c000-7fc3d758d000 r--p 0003c000 08:01 2752847                    /usr/lib/jvm/java-11-openjdk-amd64/lib/libjdwp.so
7fc3d758d000-7fc3d758e000 rw-p 0003d000 08:01 2752847                    /usr/lib/jvm/java-11-openjdk-amd64/lib/libjdwp.so
7fc3d758e000-7fc3d75ba000 r-xp 00000000 08:01 2752807                    /usr/lib/jvm/java-11-openjdk-amd64/lib/libjava.so
7fc3d75ba000-7fc3d77b9000 ---p 0002c000 08:01 2752807                    /usr/lib/jvm/java-11-openjdk-amd64/lib/libjava.so
7fc3d77b9000-7fc3d77ba000 r--p 0002b000 08:01 2752807                    /usr/lib/jvm/java-11-openjdk-amd64/lib/libjava.so
7fc3d77ba000-7fc3d77bc000 rw-p 0002c000 08:01 2752807                    /usr/lib/jvm/java-11-openjdk-amd64/lib/libjava.so
7fc3d77bc000-7fc3d77c9000 r-xp 00000000 08:01 2752870                    /usr/lib/jvm/java-11-openjdk-amd64/lib/libverify.so
7fc3d77c9000-7fc3d79c8000 ---p 0000d000 08:01 2752870                    /usr/lib/jvm/java-11-openjdk-amd64/lib/libverify.so
7fc3d79c8000-7fc3d79ca000 r--p 0000c000 08:01 2752870                    /usr/lib/jvm/java-11-openjdk-amd64/lib/libverify.so
7fc3d79ca000-7fc3d79cb000 rw-p 0000e000 08:01 2752870                    /usr/lib/jvm/java-11-openjdk-amd64/lib/libverify.so
7fc3d79cb000-7fc3d79d2000 r-xp 00000000 08:01 2360136                    /lib/x86_64-linux-gnu/librt-2.27.so
7fc3d79d2000-7fc3d7bd1000 ---p 00007000 08:01 2360136                    /lib/x86_64-linux-gnu/librt-2.27.so
7fc3d7bd1000-7fc3d7bd2000 r--p 00006000 08:01 2360136                    /lib/x86_64-linux-gnu/librt-2.27.so
7fc3d7bd2000-7fc3d7bd3000 rw-p 00007000 08:01 2360136                    /lib/x86_64-linux-gnu/librt-2.27.so
7fc3d7bd3000-7fc3d7bea000 r-xp 00000000 08:01 2360832                    /lib/x86_64-linux-gnu/libgcc_s.so.1
7fc3d7bea000-7fc3d7de9000 ---p 00017000 08:01 2360832                    /lib/x86_64-linux-gnu/libgcc_s.so.1
7fc3d7de9000-7fc3d7dea000 r--p 00016000 08:01 2360832                    /lib/x86_64-linux-gnu/libgcc_s.so.1
7fc3d7dea000-7fc3d7deb000 rw-p 00017000 08:01 2360832                    /lib/x86_64-linux-gnu/libgcc_s.so.1
7fc3d7deb000-7fc3d7f88000 r-xp 00000000 08:01 2360108                    /lib/x86_64-linux-gnu/libm-2.27.so
7fc3d7f88000-7fc3d8187000 ---p 0019d000 08:01 2360108                    /lib/x86_64-linux-gnu/libm-2.27.so
7fc3d8187000-7fc3d8188000 r--p 0019c000 08:01 2360108                    /lib/x86_64-linux-gnu/libm-2.27.so
7fc3d8188000-7fc3d8189000 rw-p 0019d000 08:01 2360108                    /lib/x86_64-linux-gnu/libm-2.27.so
7fc3d8189000-7fc3d8302000 r-xp 00000000 08:01 262378                     /usr/lib/x86_64-linux-gnu/libstdc++.so.6.0.25
7fc3d8302000-7fc3d8502000 ---p 00179000 08:01 262378                     /usr/lib/x86_64-linux-gnu/libstdc++.so.6.0.25
7fc3d8502000-7fc3d850c000 r--p 00179000 08:01 262378                     /usr/lib/x86_64-linux-gnu/libstdc++.so.6.0.25
7fc3d850c000-7fc3d850e000 rw-p 00183000 08:01 262378                     /usr/lib/x86_64-linux-gnu/libstdc++.so.6.0.25
7fc3d850e000-7fc3d8512000 rw-p 00000000 00:00 0 
7fc3d8512000-7fc3d94af000 r-xp 00000000 08:01 3146464                    /usr/lib/jvm/java-11-openjdk-amd64/lib/server/libjvm.so
7fc3d94af000-7fc3d96af000 ---p 00f9d000 08:01 3146464                    /usr/lib/jvm/java-11-openjdk-amd64/lib/server/libjvm.so
7fc3d96af000-7fc3d9773000 r--p 00f9d000 08:01 3146464                    /usr/lib/jvm/java-11-openjdk-amd64/lib/server/libjvm.so
7fc3d9773000-7fc3d97ab000 rw-p 01061000 08:01 3146464                    /usr/lib/jvm/java-11-openjdk-amd64/lib/server/libjvm.so
7fc3d97ab000-7fc3d97f4000 rw-p 00000000 00:00 0 
7fc3d97f4000-7fc3d9810000 r-xp 00000000 08:01 2359508                    /lib/x86_64-linux-gnu/libz.so.1.2.11
7fc3d9810000-7fc3d9a0f000 ---p 0001c000 08:01 2359508                    /lib/x86_64-linux-gnu/libz.so.1.2.11
7fc3d9a0f000-7fc3d9a10000 r--p 0001b000 08:01 2359508                    /lib/x86_64-linux-gnu/libz.so.1.2.11
7fc3d9a10000-7fc3d9a11000 rw-p 0001c000 08:01 2359508                    /lib/x86_64-linux-gnu/libz.so.1.2.11
7fc3d9a11000-7fc3d9a2b000 r-xp 00000000 08:01 2360130                    /lib/x86_64-linux-gnu/libpthread-2.27.so
7fc3d9a2b000-7fc3d9c2a000 ---p 0001a000 08:01 2360130                    /lib/x86_64-linux-gnu/libpthread-2.27.so
7fc3d9c2a000-7fc3d9c2b000 r--p 00019000 08:01 2360130                    /lib/x86_64-linux-gnu/libpthread-2.27.so
7fc3d9c2b000-7fc3d9c2c000 rw-p 0001a000 08:01 2360130                    /lib/x86_64-linux-gnu/libpthread-2.27.so
7fc3d9c2c000-7fc3d9c30000 rw-p 00000000 00:00 0 
7fc3d9c30000-7fc3d9c33000 r-xp 00000000 08:01 2360104                    /lib/x86_64-linux-gnu/libdl-2.27.so
7fc3d9c33000-7fc3d9e32000 ---p 00003000 08:01 2360104                    /lib/x86_64-linux-gnu/libdl-2.27.so
7fc3d9e32000-7fc3d9e33000 r--p 00002000 08:01 2360104                    /lib/x86_64-linux-gnu/libdl-2.27.so
7fc3d9e33000-7fc3d9e34000 rw-p 00003000 08:01 2360104                    /lib/x86_64-linux-gnu/libdl-2.27.so
7fc3d9e34000-7fc3da01b000 r-xp 00000000 08:01 2360098                    /lib/x86_64-linux-gnu/libc-2.27.so
7fc3da01b000-7fc3da21b000 ---p 001e7000 08:01 2360098                    /lib/x86_64-linux-gnu/libc-2.27.so
7fc3da21b000-7fc3da21f000 r--p 001e7000 08:01 2360098                    /lib/x86_64-linux-gnu/libc-2.27.so
7fc3da21f000-7fc3da221000 rw-p 001eb000 08:01 2360098                    /lib/x86_64-linux-gnu/libc-2.27.so
7fc3da221000-7fc3da225000 rw-p 00000000 00:00 0 
7fc3da225000-7fc3da234000 r-xp 00000000 08:01 2885021                    /usr/lib/jvm/java-11-openjdk-amd64/lib/jli/libjli.so
7fc3da234000-7fc3da433000 ---p 0000f000 08:01 2885021                    /usr/lib/jvm/java-11-openjdk-amd64/lib/jli/libjli.so
7fc3da433000-7fc3da434000 r--p 0000e000 08:01 2885021                    /usr/lib/jvm/java-11-openjdk-amd64/lib/jli/libjli.so
7fc3da434000-7fc3da435000 rw-p 0000f000 08:01 2885021                    /usr/lib/jvm/java-11-openjdk-amd64/lib/jli/libjli.so
7fc3da435000-7fc3da43b000 r-xp 00000000 08:01 276606                     /usr/lib/x86_64-linux-gnu/libgtk3-nocsd.so.0
7fc3da43b000-7fc3da63a000 ---p 00006000 08:01 276606                     /usr/lib/x86_64-linux-gnu/libgtk3-nocsd.so.0
7fc3da63a000-7fc3da63b000 r--p 00005000 08:01 276606                     /usr/lib/x86_64-linux-gnu/libgtk3-nocsd.so.0
7fc3da63b000-7fc3da63c000 rw-p 00006000 08:01 276606                     /usr/lib/x86_64-linux-gnu/libgtk3-nocsd.so.0
7fc3da63c000-7fc3da663000 r-xp 00000000 08:01 2360090                    /lib/x86_64-linux-gnu/ld-2.27.so
7fc3da67a000-7fc3da6ff000 rw-p 00000000 00:00 0 
7fc3da6ff000-7fc3da734000 r--s 00000000 08:01 4194383                    /var/cache/nscd/passwd
7fc3da734000-7fc3da738000 ---p 00000000 00:00 0 
7fc3da738000-7fc3da83c000 rw-p 00000000 00:00 0 
7fc3da845000-7fc3da84c000 r--s 00000000 08:01 266158                     /usr/lib/x86_64-linux-gnu/gconv/gconv-modules.cache
7fc3da84c000-7fc3da852000 rw-p 00000000 00:00 0 
7fc3da852000-7fc3da859000 ---p 00000000 00:00 0 
7fc3da859000-7fc3da861000 rw-s 00000000 08:01 267323                     /tmp/hsperfdata_admin-u1064462/14983
7fc3da861000-7fc3da862000 ---p 00000000 00:00 0 
7fc3da862000-7fc3da863000 r--p 00000000 00:00 0 
7fc3da863000-7fc3da864000 r--p 00027000 08:01 2360090                    /lib/x86_64-linux-gnu/ld-2.27.so
7fc3da864000-7fc3da865000 rw-p 00028000 08:01 2360090                    /lib/x86_64-linux-gnu/ld-2.27.so
7fc3da865000-7fc3da866000 rw-p 00000000 00:00 0 
7ffe13ce3000-7ffe13d05000 rw-p 00000000 00:00 0                          [stack]
7ffe13d8f000-7ffe13d92000 r--p 00000000 00:00 0                          [vvar]
7ffe13d92000-7ffe13d94000 r-xp 00000000 00:00 0                          [vdso]
ffffffffff600000-ffffffffff601000 r-xp 00000000 00:00 0                  [vsyscall]


VM Arguments:
jvm_args: -agentlib:jdwp=transport=dt_socket,suspend=y,address=localhost:41151 -javaagent:/home/admin-u1064462/eclipse/java-oxygen/eclipse/configuration/org.eclipse.osgi/684/0/.cp/lib/javaagent-shaded.jar -Dfile.encoding=UTF-8 
java_command: cn.edu.fjut.ast.MySQLParse
java_class_path (initial): /home/admin-u1064462/git/repository/SQLParse/target/classes:/home/admin-u1064462/.p2/pool/plugins/org.junit.jupiter.api_5.1.0.v20180327-1502.jar:/home/admin-u1064462/.p2/pool/plugins/org.junit.jupiter.engine_5.1.0.v20180327-1502.jar:/home/admin-u1064462/.p2/pool/plugins/org.junit.jupiter.migrationsupport_5.1.0.v20180327-1502.jar:/home/admin-u1064462/.p2/pool/plugins/org.junit.jupiter.params_5.1.0.v20180327-1502.jar:/home/admin-u1064462/.p2/pool/plugins/org.junit.platform.commons_1.1.0.v20180327-1502.jar:/home/admin-u1064462/.p2/pool/plugins/org.junit.platform.engine_1.1.0.v20180327-1502.jar:/home/admin-u1064462/.p2/pool/plugins/org.junit.platform.launcher_1.1.0.v20180327-1502.jar:/home/admin-u1064462/.p2/pool/plugins/org.junit.platform.runner_1.1.0.v20180327-1502.jar:/home/admin-u1064462/.p2/pool/plugins/org.junit.platform.suite.api_1.1.0.v20180327-1502.jar:/home/admin-u1064462/.p2/pool/plugins/org.junit.vintage.engine_5.1.0.v20180327-1502.jar:/home/admin-u1064462/.p2/pool/plugins/org.opentest4j_1.0.0.v20180327-1502.jar:/home/admin-u1064462/.p2/pool/plugins/org.apiguardian_1.0.0.v20180327-1502.jar:/home/admin-u1064462/.p2/pool/plugins/org.junit_4.12.0.v201504281640/junit.jar:/home/admin-u1064462/.p2/pool/plugins/org.hamcrest.core_1.3.0.v20180420-1519.jar:/home/admin-u1064462/.m2/repository/com/alibaba/druid/1.1.9/druid-1.1.9.jar:/home/admin-u1064462/.m2/repository/org/postgresql/postgresql/42.2.5.jre7/postgresql-42.2.5.jre7.jar:/home/admin-u1064462/.m2/repository/org/jgrapht/jgrapht-core/1.3.0/jgrapht-core-1.3.0.jar:/home/admin-u1064462/.m2/repository/org/jheaps/jheaps/0.9/jheaps-0.9.jar:/home/admin-u1064462/.m2/repository/org/jgrapht/jgrapht-ext/1.3.0/jgrapht-ext-1.3.0.jar:/home/admin-u1064462/.m2/repository/org/tinyjee/jgraphx/jgraphx/3.4.1.3/jgraphx-3.4.1.3.jar:/home/admin-u1064462/.m2/repository/org/jgrapht/jgrapht-demo/1.3.0/jgrapht-demo-1.3.0.jar:/home/admin-u1064462/.m2/repository/org/jgrapht/jgrapht-io/1.3.0/jgrapht-io-1.3.0.jar:
Launcher Type: SUN_STANDARD

Logging:
Log output configuration:
#0: stdout all=warning uptime,level,tags
#1: stderr all=off uptime,level,tags

Environment Variables:
JAVA_HOME=/usr/lib/jvm/java-8-openjdk-amd64
PATH=/home/admin-u1064462/bin:/home/admin-u1064462/.local/bin:/usr/local/sbin:/usr/local/bin:/usr/sbin:/usr/bin:/sbin:/bin:/usr/games:/usr/local/games:/snap/bin
LD_PRELOAD=libgtk3-nocsd.so.0
SHELL=/bin/bash
DISPLAY=:0.0

Signal Handlers:
SIGSEGV: [libjvm.so+0xd28b70], sa_mask[0]=11111111011111111101111111111110, sa_flags=SA_RESTART|SA_SIGINFO
SIGBUS: [libjvm.so+0xd28b70], sa_mask[0]=11111111011111111101111111111110, sa_flags=SA_RESTART|SA_SIGINFO
SIGFPE: [libjvm.so+0xd28b70], sa_mask[0]=11111111011111111101111111111110, sa_flags=SA_RESTART|SA_SIGINFO
SIGPIPE: [libjvm.so+0xb2a1f0], sa_mask[0]=11111111011111111101111111111110, sa_flags=SA_RESTART|SA_SIGINFO
SIGXFSZ: [libjvm.so+0xb2a1f0], sa_mask[0]=11111111011111111101111111111110, sa_flags=SA_RESTART|SA_SIGINFO
SIGILL: [libjvm.so+0xd28b70], sa_mask[0]=11111111011111111101111111111110, sa_flags=SA_RESTART|SA_SIGINFO
SIGUSR2: [libjvm.so+0xb2a030], sa_mask[0]=00100000000000000000000000000000, sa_flags=SA_RESTART|SA_SIGINFO
SIGHUP: [libjvm.so+0xb2a180], sa_mask[0]=11111111011111111101111111111110, sa_flags=SA_RESTART|SA_SIGINFO
SIGINT: [libjvm.so+0xb2a180], sa_mask[0]=11111111011111111101111111111110, sa_flags=SA_RESTART|SA_SIGINFO
SIGTERM: [libjvm.so+0xb2a180], sa_mask[0]=11111111011111111101111111111110, sa_flags=SA_RESTART|SA_SIGINFO
SIGQUIT: [libjvm.so+0xb2a180], sa_mask[0]=11111111011111111101111111111110, sa_flags=SA_RESTART|SA_SIGINFO


---------------  S Y S T E M  ---------------

OS:DISTRIB_ID=Ubuntu
DISTRIB_RELEASE=18.04
DISTRIB_CODENAME=bionic
DISTRIB_DESCRIPTION="Ubuntu 18.04.2 LTS"
uname:Linux 4.15.0-45-generic #48-Ubuntu SMP Tue Jan 29 16:28:13 UTC 2019 x86_64
libc:glibc 2.27 NPTL 2.27 
rlimit: STACK 8192k, CORE 0k, NPROC 63549, NOFILE 1048576, AS infinity, DATA infinity, FSIZE infinity
load average:0.17 0.41 0.35

/proc/meminfo:
MemTotal:       16331700 kB
MemFree:         6240760 kB
MemAvailable:   10047784 kB
Buffers:          796712 kB
Cached:          3838776 kB
SwapCached:            0 kB
Active:          6985324 kB
Inactive:        2413436 kB
Active(anon):    4771172 kB
Inactive(anon):   894676 kB
Active(file):    2214152 kB
Inactive(file):  1518760 kB
Unevictable:         692 kB
Mlocked:             692 kB
SwapTotal:        999420 kB
SwapFree:         999420 kB
Dirty:               112 kB
Writeback:           224 kB
AnonPages:       4763968 kB
Mapped:          1484300 kB
Shmem:            903804 kB
Slab:             485484 kB
SReclaimable:     410208 kB
SUnreclaim:        75276 kB
KernelStack:       19940 kB
PageTables:        90164 kB
NFS_Unstable:          0 kB
Bounce:                0 kB
WritebackTmp:          0 kB
CommitLimit:     9165268 kB
Committed_AS:   16347464 kB
VmallocTotal:   34359738367 kB
VmallocUsed:           0 kB
VmallocChunk:          0 kB
HardwareCorrupted:     0 kB
AnonHugePages:         0 kB
ShmemHugePages:        0 kB
ShmemPmdMapped:        0 kB
CmaTotal:              0 kB
CmaFree:               0 kB
HugePages_Total:       0
HugePages_Free:        0
HugePages_Rsvd:        0
HugePages_Surp:        0
Hugepagesize:       2048 kB
DirectMap4k:      379468 kB
DirectMap2M:    10012672 kB
DirectMap1G:     7340032 kB

container (cgroup) information:
container_type: cgroupv1
cpu_cpuset_cpus: 0-7
cpu_memory_nodes: 0
active_processor_count: 8
cpu_quota: -1
cpu_period: 100000
cpu_shares: -1
memory_limit_in_bytes: -1
memory_and_swap_limit_in_bytes: -2
memory_soft_limit_in_bytes: -1
memory_usage_in_bytes: 9625092096
memory_max_usage_in_bytes: 0


CPU:total 8 (initial active 8) (4 cores per cpu, 2 threads per core) family 6 model 60 stepping 3, cmov, cx8, fxsr, mmx, sse, sse2, sse3, ssse3, sse4.1, sse4.2, popcnt, avx, avx2, aes, clmul, erms, lzcnt, ht, tsc, tscinvbit, bmi1, bmi2, fma
CPU Model and flags from /proc/cpuinfo:
model name	: Intel(R) Core(TM) i7-4790 CPU @ 3.60GHz
flags		: fpu vme de pse tsc msr pae mce cx8 apic sep mtrr pge mca cmov pat pse36 clflush dts acpi mmx fxsr sse sse2 ss ht tm pbe syscall nx pdpe1gb rdtscp lm constant_tsc arch_perfmon pebs bts rep_good nopl xtopology nonstop_tsc cpuid aperfmperf pni pclmulqdq dtes64 monitor ds_cpl vmx smx est tm2 ssse3 sdbg fma cx16 xtpr pdcm pcid sse4_1 sse4_2 x2apic movbe popcnt tsc_deadline_timer aes xsave avx f16c rdrand lahf_lm abm cpuid_fault epb invpcid_single pti ssbd ibrs ibpb stibp tpr_shadow vnmi flexpriority ept vpid fsgsbase tsc_adjust bmi1 avx2 smep bmi2 erms invpcid xsaveopt dtherm ida arat pln pts flush_l1d

Memory: 4k page, physical 16331700k(6240760k free), swap 999420k(999420k free)

vm_info: OpenJDK 64-Bit Server VM (10.0.2+13-Ubuntu-1ubuntu0.18.04.4) for linux-amd64 JRE (10.0.2+13-Ubuntu-1ubuntu0.18.04.4), built on Nov 13 2018 12:53:39 by "buildd" with gcc 7.3.0

END.
